TN:
SF:src\app.js
FN:12,(anonymous_0)
FN:24,(anonymous_1)
FN:60,(anonymous_2)
FN:64,(anonymous_3)
FNF:4
FNH:0
FNDA:0,(anonymous_0)
FNDA:0,(anonymous_1)
FNDA:0,(anonymous_2)
FNDA:0,(anonymous_3)
DA:1,0
DA:2,0
DA:3,0
DA:4,0
DA:5,0
DA:6,0
DA:8,0
DA:9,0
DA:10,0
DA:12,0
DA:14,0
DA:15,0
DA:18,0
DA:23,0
DA:25,0
DA:26,0
DA:27,0
DA:29,0
DA:35,0
DA:36,0
DA:37,0
DA:40,0
DA:43,0
DA:44,0
DA:47,0
DA:48,0
DA:49,0
DA:51,0
DA:52,0
DA:53,0
DA:54,0
DA:55,0
DA:56,0
DA:57,0
DA:59,0
DA:60,0
DA:61,0
DA:64,0
DA:65,0
DA:69,0
LF:40
LH:0
BRDA:10,0,0,0
BRDA:10,0,1,0
BRDA:15,1,0,0
BRDA:15,1,1,0
BRDA:25,2,0,0
BRDA:25,2,1,0
BRDA:25,3,0,0
BRDA:25,3,1,0
BRDA:59,4,0,0
BRDA:59,4,1,0
BRF:10
BRH:0
end_of_record
TN:
SF:src\controllers\admin.controller.js
FN:4,(anonymous_0)
FN:18,(anonymous_1)
FN:60,(anonymous_2)
FN:80,(anonymous_3)
FN:117,(anonymous_4)
FN:155,(anonymous_5)
FN:195,(anonymous_6)
FN:211,(anonymous_7)
FN:230,(anonymous_8)
FN:254,(anonymous_9)
FN:271,(anonymous_10)
FNF:11
FNH:7
FNDA:4,(anonymous_0)
FNDA:0,(anonymous_1)
FNDA:1,(anonymous_2)
FNDA:2,(anonymous_3)
FNDA:0,(anonymous_4)
FNDA:0,(anonymous_5)
FNDA:1,(anonymous_6)
FNDA:1,(anonymous_7)
FNDA:1,(anonymous_8)
FNDA:1,(anonymous_9)
FNDA:0,(anonymous_10)
DA:1,7
DA:4,7
DA:5,4
DA:6,4
DA:11,0
DA:15,7
DA:18,7
DA:19,0
DA:20,0
DA:22,0
DA:30,0
DA:37,0
DA:40,0
DA:41,0
DA:42,0
DA:43,0
DA:45,0
DA:53,0
DA:55,0
DA:60,7
DA:61,1
DA:62,1
DA:63,1
DA:73,1
DA:74,1
DA:76,0
DA:80,7
DA:81,2
DA:82,2
DA:84,2
DA:85,2
DA:86,2
DA:88,2
DA:90,2
DA:94,1
DA:97,1
DA:102,1
DA:104,1
DA:105,1
DA:107,1
DA:108,1
DA:110,2
DA:113,1
DA:117,7
DA:118,0
DA:119,0
DA:121,0
DA:122,0
DA:123,0
DA:125,0
DA:127,0
DA:131,0
DA:134,0
DA:139,0
DA:141,0
DA:142,0
DA:144,0
DA:145,0
DA:147,0
DA:150,0
DA:155,7
DA:156,0
DA:157,0
DA:159,0
DA:160,0
DA:161,0
DA:163,0
DA:164,0
DA:166,0
DA:170,0
DA:173,0
DA:179,0
DA:181,0
DA:182,0
DA:184,0
DA:185,0
DA:187,0
DA:190,0
DA:195,7
DA:196,1
DA:197,1
DA:199,1
DA:200,1
DA:201,1
DA:202,1
DA:203,1
DA:204,1
DA:206,0
DA:211,7
DA:212,1
DA:213,1
DA:215,1
DA:216,1
DA:217,1
DA:221,1
DA:222,1
DA:223,1
DA:225,0
DA:230,7
DA:231,1
DA:232,1
DA:234,1
DA:235,1
DA:236,1
DA:238,1
DA:239,2
DA:245,1
DA:246,1
DA:247,1
DA:249,0
DA:254,7
DA:255,1
DA:256,1
DA:257,1
DA:263,1
DA:264,1
DA:266,0
DA:271,7
DA:272,0
DA:273,0
DA:274,0
DA:280,0
DA:281,0
DA:283,0
DA:287,7
LF:125
LH:68
BRDA:43,0,0,0
BRDA:43,0,1,0
BRDA:48,1,0,0
BRDA:48,1,1,0
BRDA:136,2,0,0
BRDA:136,2,1,0
BRDA:175,3,0,0
BRDA:175,3,1,0
BRDA:175,4,0,0
BRDA:175,4,1,0
BRDA:201,5,0,0
BRDA:201,5,1,1
BRDA:202,6,0,0
BRDA:202,6,1,1
BRDA:241,7,0,2
BRDA:241,7,1,0
BRF:16
BRH:3
end_of_record
TN:
SF:src\controllers\auth.controller.js
FN:4,(anonymous_0)
FN:80,(anonymous_1)
FN:108,(anonymous_2)
FN:110,(anonymous_3)
FN:133,(anonymous_4)
FNF:5
FNH:3
FNDA:4,(anonymous_0)
FNDA:2,(anonymous_1)
FNDA:0,(anonymous_2)
FNDA:0,(anonymous_3)
FNDA:1,(anonymous_4)
DA:1,5
DA:4,5
DA:5,4
DA:6,4
DA:8,4
DA:9,1
DA:14,3
DA:16,3
DA:21,3
DA:22,1
DA:23,1
DA:28,2
DA:30,2
DA:31,0
DA:32,0
DA:37,2
DA:38,0
DA:39,0
DA:45,2
DA:51,2
DA:59,2
DA:60,1
DA:64,1
DA:65,0
DA:67,1
DA:68,1
DA:72,1
DA:73,0
DA:77,2
DA:80,2
DA:81,2
DA:82,1
DA:83,1
DA:89,1
DA:92,1
DA:99,0
DA:100,0
DA:108,5
DA:109,0
DA:110,0
DA:111,0
DA:112,0
DA:118,0
DA:119,0
DA:124,0
DA:125,0
DA:133,5
DA:134,1
DA:136,1
DA:137,0
DA:142,1
DA:149,5
LF:52
LH:35
BRDA:8,0,0,1
BRDA:8,0,1,3
BRDA:8,1,0,4
BRDA:8,1,1,3
BRDA:21,2,0,1
BRDA:21,2,1,2
BRDA:30,3,0,0
BRDA:30,3,1,2
BRDA:37,4,0,0
BRDA:37,4,1,2
BRDA:59,5,0,1
BRDA:59,5,1,1
BRDA:64,6,0,0
BRDA:64,6,1,1
BRDA:67,7,0,1
BRDA:67,7,1,0
BRDA:72,8,0,0
BRDA:72,8,1,1
BRDA:81,9,0,1
BRDA:81,9,1,1
BRDA:111,10,0,0
BRDA:111,10,1,0
BRDA:136,11,0,0
BRDA:136,11,1,1
BRDA:136,12,0,1
BRDA:136,12,1,1
BRF:26
BRH:18
end_of_record
TN:
SF:src\controllers\dashboard.controller.js
FN:4,(anonymous_0)
FN:100,(anonymous_1)
FN:141,(anonymous_2)
FN:206,(anonymous_3)
FN:260,(anonymous_4)
FN:262,(anonymous_5)
FN:287,(anonymous_6)
FN:325,(anonymous_7)
FN:350,getTimeAgo
FNF:9
FNH:7
FNDA:2,(anonymous_0)
FNDA:0,(anonymous_1)
FNDA:0,(anonymous_2)
FNDA:1,(anonymous_3)
FNDA:1,(anonymous_4)
FNDA:2,(anonymous_5)
FNDA:1,(anonymous_6)
FNDA:1,(anonymous_7)
FNDA:2,getTimeAgo
DA:1,4
DA:4,4
DA:5,2
DA:6,2
DA:8,2
DA:11,2
DA:16,2
DA:17,1
DA:18,1
DA:24,1
DA:27,1
DA:37,1
DA:47,1
DA:57,1
DA:58,1
DA:59,1
DA:61,1
DA:62,3
DA:63,3
DA:64,2
DA:66,2
DA:67,2
DA:68,2
DA:70,1
DA:74,1
DA:76,1
DA:84,1
DA:90,0
DA:91,0
DA:100,4
DA:101,0
DA:102,0
DA:104,0
DA:107,0
DA:112,0
DA:113,0
DA:114,0
DA:120,0
DA:123,0
DA:141,0
DA:143,0
DA:144,0
DA:145,0
DA:146,0
DA:147,0
DA:148,0
DA:149,0
DA:150,0
DA:153,0
DA:154,0
DA:155,0
DA:156,0
DA:157,0
DA:158,0
DA:159,0
DA:160,0
DA:161,0
DA:162,0
DA:163,0
DA:164,0
DA:165,0
DA:168,0
DA:169,0
DA:171,0
DA:188,0
DA:190,0
DA:196,0
DA:197,0
DA:206,4
DA:207,1
DA:208,1
DA:210,1
DA:213,1
DA:218,1
DA:219,0
DA:220,0
DA:226,1
DA:229,1
DA:244,1
DA:259,1
DA:260,1
DA:262,2
DA:269,1
DA:271,1
DA:277,0
DA:278,0
DA:287,4
DA:288,1
DA:289,1
DA:291,1
DA:294,1
DA:299,1
DA:300,0
DA:301,0
DA:307,1
DA:311,1
DA:325,1
DA:332,1
DA:334,1
DA:340,0
DA:341,0
DA:351,2
DA:352,2
DA:353,2
DA:354,2
DA:355,2
DA:356,2
DA:358,2
DA:359,0
DA:360,2
DA:361,2
DA:363,0
DA:367,4
LF:113
LH:63
BRDA:16,0,0,1
BRDA:16,0,1,1
BRDA:63,1,0,2
BRDA:63,1,1,1
BRDA:77,2,0,1
BRDA:77,2,1,0
BRDA:78,3,0,1
BRDA:78,3,1,0
BRDA:79,4,0,1
BRDA:79,4,1,0
BRDA:81,5,0,1
BRDA:81,5,1,0
BRDA:112,6,0,0
BRDA:112,6,1,0
BRDA:145,7,0,0
BRDA:145,7,1,0
BRDA:145,8,0,0
BRDA:145,8,1,0
BRDA:146,9,0,0
BRDA:146,9,1,0
BRDA:146,10,0,0
BRDA:146,10,1,0
BRDA:147,11,0,0
BRDA:147,11,1,0
BRDA:147,12,0,0
BRDA:147,12,1,0
BRDA:148,13,0,0
BRDA:148,13,1,0
BRDA:148,14,0,0
BRDA:148,14,1,0
BRDA:149,15,0,0
BRDA:149,15,1,0
BRDA:149,16,0,0
BRDA:149,16,1,0
BRDA:150,17,0,0
BRDA:150,17,1,0
BRDA:150,18,0,0
BRDA:150,18,1,0
BRDA:150,18,2,0
BRDA:154,19,0,0
BRDA:154,19,1,0
BRDA:154,20,0,0
BRDA:154,20,1,0
BRDA:155,21,0,0
BRDA:155,21,1,0
BRDA:155,22,0,0
BRDA:155,22,1,0
BRDA:156,23,0,0
BRDA:156,23,1,0
BRDA:156,24,0,0
BRDA:156,24,1,0
BRDA:157,25,0,0
BRDA:157,25,1,0
BRDA:157,26,0,0
BRDA:157,26,1,0
BRDA:158,27,0,0
BRDA:158,27,1,0
BRDA:158,28,0,0
BRDA:158,28,1,0
BRDA:159,29,0,0
BRDA:159,29,1,0
BRDA:160,30,0,0
BRDA:160,30,1,0
BRDA:160,31,0,0
BRDA:160,31,1,0
BRDA:161,32,0,0
BRDA:161,32,1,0
BRDA:161,33,0,0
BRDA:161,33,1,0
BRDA:162,34,0,0
BRDA:162,34,1,0
BRDA:163,35,0,0
BRDA:163,35,1,0
BRDA:164,36,0,0
BRDA:164,36,1,0
BRDA:164,37,0,0
BRDA:164,37,1,0
BRDA:165,38,0,0
BRDA:165,38,1,0
BRDA:165,39,0,0
BRDA:165,39,1,0
BRDA:177,40,0,0
BRDA:177,40,1,0
BRDA:178,41,0,0
BRDA:178,41,1,0
BRDA:183,42,0,0
BRDA:183,42,1,0
BRDA:184,43,0,0
BRDA:184,43,1,0
BRDA:218,44,0,0
BRDA:218,44,1,1
BRDA:299,45,0,0
BRDA:299,45,1,1
BRDA:358,46,0,0
BRDA:358,46,1,2
BRDA:360,47,0,2
BRDA:360,47,1,0
BRF:97
BRH:12
end_of_record
TN:
SF:src\controllers\instructorDashboard.controller.js
FN:4,(anonymous_0)
FN:78,(anonymous_1)
FN:88,(anonymous_2)
FN:125,(anonymous_3)
FN:154,(anonymous_4)
FN:164,(anonymous_5)
FN:195,(anonymous_6)
FN:219,(anonymous_7)
FN:229,(anonymous_8)
FN:277,(anonymous_9)
FN:289,(anonymous_10)
FN:311,(anonymous_11)
FN:321,(anonymous_12)
FN:350,(anonymous_13)
FN:356,(anonymous_14)
FN:380,(anonymous_15)
FN:390,(anonymous_16)
FN:422,(anonymous_17)
FN:439,(anonymous_18)
FN:448,(anonymous_19)
FN:458,getTimeAgo
FN:482,(anonymous_21)
FN:511,(anonymous_22)
FN:517,(anonymous_23)
FN:553,(anonymous_24)
FN:559,(anonymous_25)
FN:598,(anonymous_26)
FN:604,(anonymous_27)
FN:631,(anonymous_28)
FN:637,(anonymous_29)
FN:663,(anonymous_30)
FN:669,(anonymous_31)
FN:704,(anonymous_32)
FN:709,(anonymous_33)
FN:800,(anonymous_34)
FNF:35
FNH:6
FNDA:2,(anonymous_0)
FNDA:0,(anonymous_1)
FNDA:0,(anonymous_2)
FNDA:0,(anonymous_3)
FNDA:0,(anonymous_4)
FNDA:0,(anonymous_5)
FNDA:0,(anonymous_6)
FNDA:0,(anonymous_7)
FNDA:0,(anonymous_8)
FNDA:0,(anonymous_9)
FNDA:0,(anonymous_10)
FNDA:0,(anonymous_11)
FNDA:0,(anonymous_12)
FNDA:0,(anonymous_13)
FNDA:0,(anonymous_14)
FNDA:0,(anonymous_15)
FNDA:1,(anonymous_16)
FNDA:1,(anonymous_17)
FNDA:1,(anonymous_18)
FNDA:0,(anonymous_19)
FNDA:0,getTimeAgo
FNDA:0,(anonymous_21)
FNDA:0,(anonymous_22)
FNDA:3,(anonymous_23)
FNDA:0,(anonymous_24)
FNDA:0,(anonymous_25)
FNDA:0,(anonymous_26)
FNDA:0,(anonymous_27)
FNDA:0,(anonymous_28)
FNDA:0,(anonymous_29)
FNDA:0,(anonymous_30)
FNDA:2,(anonymous_31)
FNDA:0,(anonymous_32)
FNDA:0,(anonymous_33)
FNDA:0,(anonymous_34)
DA:1,8
DA:4,8
DA:6,2
DA:7,2
DA:8,2
DA:9,1
DA:12,1
DA:15,1
DA:21,1
DA:29,1
DA:35,1
DA:40,1
DA:63,1
DA:65,1
DA:77,0
DA:78,0
DA:79,0
DA:88,8
DA:90,0
DA:91,0
DA:92,0
DA:93,0
DA:96,0
DA:98,0
DA:117,0
DA:121,0
DA:123,0
DA:125,0
DA:126,0
DA:127,0
DA:128,0
DA:130,0
DA:131,0
DA:132,0
DA:133,0
DA:134,0
DA:135,0
DA:137,0
DA:146,0
DA:153,0
DA:154,0
DA:155,0
DA:164,8
DA:166,0
DA:167,0
DA:168,0
DA:169,0
DA:172,0
DA:174,0
DA:193,0
DA:195,0
DA:196,0
DA:197,0
DA:198,0
DA:199,0
DA:200,0
DA:201,0
DA:203,0
DA:212,0
DA:218,0
DA:219,0
DA:220,0
DA:229,8
DA:231,0
DA:232,0
DA:233,0
DA:234,0
DA:237,0
DA:239,0
DA:275,0
DA:277,0
DA:278,0
DA:279,0
DA:280,0
DA:282,0
DA:283,0
DA:284,0
DA:285,0
DA:287,0
DA:289,0
DA:294,0
DA:304,0
DA:310,0
DA:311,0
DA:312,0
DA:321,8
DA:323,0
DA:324,0
DA:325,0
DA:326,0
DA:329,0
DA:331,0
DA:348,0
DA:350,0
DA:351,0
DA:352,0
DA:354,0
DA:356,0
DA:361,0
DA:362,0
DA:364,0
DA:373,0
DA:379,0
DA:380,0
DA:381,0
DA:390,8
DA:392,1
DA:393,1
DA:394,1
DA:395,0
DA:398,1
DA:400,1
DA:419,1
DA:421,1
DA:423,1
DA:424,1
DA:425,1
DA:426,1
DA:427,1
DA:428,1
DA:429,1
DA:436,0
DA:439,1
DA:441,1
DA:447,0
DA:448,0
DA:449,0
DA:459,0
DA:460,0
DA:461,0
DA:462,0
DA:463,0
DA:465,0
DA:466,0
DA:467,0
DA:468,0
DA:470,0
DA:471,0
DA:472,0
DA:473,0
DA:474,0
DA:475,0
DA:477,0
DA:482,8
DA:484,0
DA:485,0
DA:486,0
DA:487,0
DA:490,0
DA:491,0
DA:507,0
DA:508,0
DA:510,0
DA:511,0
DA:512,0
DA:517,8
DA:519,3
DA:520,3
DA:521,3
DA:522,0
DA:525,3
DA:526,3
DA:527,1
DA:530,2
DA:533,2
DA:538,2
DA:539,1
DA:540,1
DA:544,1
DA:549,1
DA:550,1
DA:552,0
DA:553,0
DA:554,0
DA:559,8
DA:561,0
DA:562,0
DA:563,0
DA:564,0
DA:567,0
DA:568,0
DA:569,0
DA:572,0
DA:575,0
DA:580,0
DA:581,0
DA:582,0
DA:587,0
DA:588,0
DA:594,0
DA:595,0
DA:597,0
DA:598,0
DA:599,0
DA:604,8
DA:606,0
DA:607,0
DA:608,0
DA:609,0
DA:612,0
DA:613,0
DA:627,0
DA:628,0
DA:630,0
DA:631,0
DA:632,0
DA:637,8
DA:639,0
DA:640,0
DA:641,0
DA:642,0
DA:645,0
DA:646,0
DA:647,0
DA:650,0
DA:653,0
DA:659,0
DA:660,0
DA:662,0
DA:663,0
DA:664,0
DA:669,8
DA:671,2
DA:672,2
DA:673,2
DA:674,0
DA:677,2
DA:678,2
DA:679,1
DA:682,1
DA:685,1
DA:690,1
DA:691,1
DA:692,1
DA:695,0
DA:700,0
DA:701,0
DA:703,0
DA:704,0
DA:705,0
DA:709,8
DA:711,0
DA:712,0
DA:713,0
DA:714,0
DA:717,0
DA:720,0
DA:739,0
DA:753,0
DA:773,0
DA:786,0
DA:788,0
DA:799,0
DA:800,0
DA:801,0
DA:805,8
LF:256
LH:68
BRDA:8,0,0,1
BRDA:8,0,1,1
BRDA:68,1,0,1
BRDA:68,1,1,0
BRDA:69,2,0,1
BRDA:69,2,1,0
BRDA:70,3,0,1
BRDA:70,3,1,0
BRDA:71,4,0,1
BRDA:71,4,1,0
BRDA:72,5,0,1
BRDA:72,5,1,0
BRDA:78,6,0,0
BRDA:78,6,1,0
BRDA:92,7,0,0
BRDA:92,7,1,0
BRDA:121,8,0,0
BRDA:121,8,1,0
BRDA:126,9,0,0
BRDA:126,9,1,0
BRDA:127,10,0,0
BRDA:127,10,1,0
BRDA:128,11,0,0
BRDA:128,11,1,0
BRDA:131,12,0,0
BRDA:131,12,1,0
BRDA:132,13,0,0
BRDA:132,13,1,0
BRDA:133,14,0,0
BRDA:133,14,1,0
BRDA:134,15,0,0
BRDA:134,15,1,0
BRDA:135,16,0,0
BRDA:135,16,1,0
BRDA:138,17,0,0
BRDA:138,17,1,0
BRDA:154,18,0,0
BRDA:154,18,1,0
BRDA:168,19,0,0
BRDA:168,19,1,0
BRDA:196,20,0,0
BRDA:196,20,1,0
BRDA:198,21,0,0
BRDA:198,21,1,0
BRDA:199,22,0,0
BRDA:199,22,1,0
BRDA:200,23,0,0
BRDA:200,23,1,0
BRDA:204,24,0,0
BRDA:204,24,1,0
BRDA:205,25,0,0
BRDA:205,25,1,0
BRDA:219,26,0,0
BRDA:219,26,1,0
BRDA:233,27,0,0
BRDA:233,27,1,0
BRDA:278,28,0,0
BRDA:278,28,1,0
BRDA:279,29,0,0
BRDA:279,29,1,0
BRDA:280,30,0,0
BRDA:280,30,1,0
BRDA:283,31,0,0
BRDA:283,31,1,0
BRDA:283,32,0,0
BRDA:283,32,1,0
BRDA:283,32,2,0
BRDA:284,33,0,0
BRDA:284,33,1,0
BRDA:284,34,0,0
BRDA:284,34,1,0
BRDA:284,34,2,0
BRDA:287,35,0,0
BRDA:287,35,1,0
BRDA:287,36,0,0
BRDA:287,36,1,0
BRDA:295,37,0,0
BRDA:295,37,1,0
BRDA:311,38,0,0
BRDA:311,38,1,0
BRDA:325,39,0,0
BRDA:325,39,1,0
BRDA:351,40,0,0
BRDA:351,40,1,0
BRDA:352,41,0,0
BRDA:352,41,1,0
BRDA:354,42,0,0
BRDA:354,42,1,0
BRDA:354,43,0,0
BRDA:354,43,1,0
BRDA:362,44,0,0
BRDA:362,44,1,0
BRDA:365,45,0,0
BRDA:365,45,1,0
BRDA:380,46,0,0
BRDA:380,46,1,0
BRDA:394,47,0,0
BRDA:394,47,1,1
BRDA:423,48,0,0
BRDA:423,48,1,1
BRDA:426,49,0,0
BRDA:426,49,1,1
BRDA:430,50,0,1
BRDA:430,50,1,0
BRDA:432,51,0,1
BRDA:432,51,1,0
BRDA:433,52,0,1
BRDA:433,52,1,0
BRDA:448,53,0,0
BRDA:448,53,1,0
BRDA:459,54,0,0
BRDA:459,54,1,0
BRDA:463,55,0,0
BRDA:463,55,1,0
BRDA:470,56,0,0
BRDA:470,56,1,0
BRDA:471,57,0,0
BRDA:471,57,1,0
BRDA:471,58,0,0
BRDA:471,58,1,0
BRDA:472,59,0,0
BRDA:472,59,1,0
BRDA:472,60,0,0
BRDA:472,60,1,0
BRDA:473,61,0,0
BRDA:473,61,1,0
BRDA:473,62,0,0
BRDA:473,62,1,0
BRDA:475,63,0,0
BRDA:475,63,1,0
BRDA:486,64,0,0
BRDA:486,64,1,0
BRDA:511,65,0,0
BRDA:511,65,1,0
BRDA:521,66,0,0
BRDA:521,66,1,3
BRDA:526,67,0,1
BRDA:526,67,1,2
BRDA:526,68,0,3
BRDA:526,68,1,2
BRDA:538,69,0,1
BRDA:538,69,1,1
BRDA:553,70,0,0
BRDA:553,70,1,0
BRDA:563,71,0,0
BRDA:563,71,1,0
BRDA:568,72,0,0
BRDA:568,72,1,0
BRDA:568,73,0,0
BRDA:568,73,1,0
BRDA:580,74,0,0
BRDA:580,74,1,0
BRDA:598,75,0,0
BRDA:598,75,1,0
BRDA:608,76,0,0
BRDA:608,76,1,0
BRDA:631,77,0,0
BRDA:631,77,1,0
BRDA:641,78,0,0
BRDA:641,78,1,0
BRDA:646,79,0,0
BRDA:646,79,1,0
BRDA:663,80,0,0
BRDA:663,80,1,0
BRDA:673,81,0,0
BRDA:673,81,1,2
BRDA:678,82,0,1
BRDA:678,82,1,1
BRDA:678,83,0,2
BRDA:678,83,1,1
BRDA:690,84,0,1
BRDA:690,84,1,0
BRDA:704,85,0,0
BRDA:704,85,1,0
BRDA:713,86,0,0
BRDA:713,86,1,0
BRDA:800,87,0,0
BRDA:800,87,1,0
BRF:178
BRH:26
end_of_record
TN:
SF:src\controllers\modules.controller.js
FN:4,(anonymous_0)
FN:68,(anonymous_1)
FN:132,(anonymous_2)
FN:190,(anonymous_3)
FN:256,(anonymous_4)
FNF:5
FNH:3
FNDA:2,(anonymous_0)
FNDA:1,(anonymous_1)
FNDA:1,(anonymous_2)
FNDA:0,(anonymous_3)
FNDA:0,(anonymous_4)
DA:1,3
DA:4,3
DA:5,2
DA:6,2
DA:7,2
DA:8,2
DA:10,2
DA:13,2
DA:15,1
DA:20,1
DA:21,1
DA:22,1
DA:28,0
DA:29,0
DA:49,1
DA:68,1
DA:70,1
DA:71,1
DA:72,1
DA:73,0
DA:74,0
DA:75,0
DA:76,0
DA:77,0
DA:79,1
DA:80,1
DA:81,0
DA:82,0
DA:83,0
DA:84,0
DA:85,0
DA:86,0
DA:87,0
DA:88,0
DA:89,0
DA:90,0
DA:91,0
DA:93,1
DA:94,1
DA:95,1
DA:97,1
DA:114,1
DA:116,1
DA:122,0
DA:123,0
DA:132,3
DA:133,1
DA:134,1
DA:136,1
DA:139,1
DA:144,1
DA:145,0
DA:146,0
DA:152,1
DA:155,1
DA:165,1
DA:167,1
DA:169,1
DA:180,0
DA:181,0
DA:190,3
DA:191,0
DA:192,0
DA:193,0
DA:194,0
DA:196,0
DA:199,0
DA:201,0
DA:206,0
DA:207,0
DA:208,0
DA:214,0
DA:215,0
DA:218,0
DA:223,0
DA:225,0
DA:231,0
DA:238,0
DA:240,0
DA:246,0
DA:247,0
DA:256,3
DA:257,0
DA:258,0
DA:260,0
DA:264,0
DA:266,0
DA:272,0
DA:273,0
DA:281,3
LF:90
LH:39
BRDA:13,0,0,1
BRDA:13,0,1,1
BRDA:20,1,0,1
BRDA:20,1,1,0
BRDA:72,2,0,1
BRDA:72,2,1,0
BRDA:72,3,0,1
BRDA:72,3,1,0
BRDA:73,4,0,0
BRDA:73,4,1,0
BRDA:73,5,0,0
BRDA:73,5,1,0
BRDA:74,6,0,0
BRDA:74,6,1,0
BRDA:74,7,0,0
BRDA:74,7,1,0
BRDA:75,8,0,0
BRDA:75,8,1,0
BRDA:75,9,0,0
BRDA:75,9,1,0
BRDA:76,10,0,0
BRDA:76,10,1,0
BRDA:76,11,0,0
BRDA:76,11,1,0
BRDA:77,12,0,0
BRDA:77,12,1,0
BRDA:77,13,0,0
BRDA:77,13,1,0
BRDA:77,13,2,0
BRDA:80,14,0,1
BRDA:80,14,1,0
BRDA:80,15,0,1
BRDA:80,15,1,0
BRDA:81,16,0,0
BRDA:81,16,1,0
BRDA:81,17,0,0
BRDA:81,17,1,0
BRDA:82,18,0,0
BRDA:82,18,1,0
BRDA:82,19,0,0
BRDA:82,19,1,0
BRDA:83,20,0,0
BRDA:83,20,1,0
BRDA:83,21,0,0
BRDA:83,21,1,0
BRDA:84,22,0,0
BRDA:84,22,1,0
BRDA:84,23,0,0
BRDA:84,23,1,0
BRDA:85,24,0,0
BRDA:85,24,1,0
BRDA:86,25,0,0
BRDA:86,25,1,0
BRDA:86,26,0,0
BRDA:86,26,1,0
BRDA:87,27,0,0
BRDA:87,27,1,0
BRDA:87,28,0,0
BRDA:87,28,1,0
BRDA:88,29,0,0
BRDA:88,29,1,0
BRDA:89,30,0,0
BRDA:89,30,1,0
BRDA:90,31,0,0
BRDA:90,31,1,0
BRDA:90,32,0,0
BRDA:90,32,1,0
BRDA:91,33,0,0
BRDA:91,33,1,0
BRDA:91,34,0,0
BRDA:91,34,1,0
BRDA:94,35,0,1
BRDA:94,35,1,1
BRDA:103,36,0,1
BRDA:103,36,1,1
BRDA:104,37,0,1
BRDA:104,37,1,0
BRDA:110,38,0,1
BRDA:110,38,1,1
BRDA:144,39,0,0
BRDA:144,39,1,1
BRDA:172,40,0,1
BRDA:172,40,1,0
BRDA:173,41,0,1
BRDA:173,41,1,0
BRDA:174,42,0,1
BRDA:174,42,1,0
BRDA:175,43,0,1
BRDA:175,43,1,0
BRDA:199,44,0,0
BRDA:199,44,1,0
BRDA:206,45,0,0
BRDA:206,45,1,0
BRDA:223,46,0,0
BRDA:223,46,1,0
BRDA:242,47,0,0
BRDA:242,47,1,0
BRF:97
BRH:19
end_of_record
TN:
SF:src\controllers\user.controller.js
FN:3,(anonymous_0)
FN:47,(anonymous_1)
FN:76,(anonymous_2)
FN:104,(anonymous_3)
FN:132,(anonymous_4)
FN:168,(anonymous_5)
FNF:6
FNH:3
FNDA:0,(anonymous_0)
FNDA:2,(anonymous_1)
FNDA:0,(anonymous_2)
FNDA:0,(anonymous_3)
FNDA:2,(anonymous_4)
FNDA:1,(anonymous_5)
DA:1,5
DA:3,5
DA:4,0
DA:5,0
DA:6,0
DA:8,0
DA:9,0
DA:12,0
DA:15,0
DA:21,0
DA:27,0
DA:35,0
DA:38,0
DA:40,0
DA:42,0
DA:43,0
DA:47,5
DA:48,2
DA:49,2
DA:50,2
DA:52,2
DA:53,1
DA:56,1
DA:59,1
DA:68,1
DA:69,1
DA:71,0
DA:72,0
DA:76,5
DA:77,0
DA:78,0
DA:79,0
DA:81,0
DA:82,0
DA:85,0
DA:87,0
DA:96,0
DA:97,0
DA:99,0
DA:100,0
DA:104,5
DA:105,0
DA:106,0
DA:107,0
DA:109,0
DA:110,0
DA:113,0
DA:115,0
DA:124,0
DA:125,0
DA:127,0
DA:128,0
DA:132,5
DA:133,2
DA:134,2
DA:135,2
DA:137,2
DA:138,0
DA:141,2
DA:144,2
DA:149,2
DA:150,1
DA:151,1
DA:155,1
DA:160,1
DA:161,1
DA:163,0
DA:164,0
DA:168,5
DA:169,1
DA:170,1
DA:172,1
DA:173,0
DA:176,1
DA:179,1
DA:185,1
DA:191,1
DA:197,1
DA:202,1
DA:204,1
DA:205,1
DA:206,1
DA:207,1
DA:209,1
DA:223,0
DA:224,0
DA:228,5
LF:87
LH:43
BRDA:8,0,0,0
BRDA:8,0,1,0
BRDA:52,1,0,1
BRDA:52,1,1,1
BRDA:81,2,0,0
BRDA:81,2,1,0
BRDA:109,3,0,0
BRDA:109,3,1,0
BRDA:137,4,0,0
BRDA:137,4,1,2
BRDA:149,5,0,1
BRDA:149,5,1,1
BRDA:172,6,0,0
BRDA:172,6,1,1
BRDA:204,7,0,1
BRDA:204,7,1,0
BRDA:205,8,0,1
BRDA:205,8,1,0
BRDA:206,9,0,1
BRDA:206,9,1,0
BRDA:207,10,0,1
BRDA:207,10,1,0
BRDA:211,11,0,1
BRDA:211,11,1,0
BRDA:212,12,0,1
BRDA:212,12,1,0
BRF:26
BRH:12
end_of_record
TN:
SF:src\middleware\admin.middleware.js
FN:1,(anonymous_0)
FNF:1
FNH:1
FNDA:2,(anonymous_0)
DA:1,1
DA:2,2
DA:3,1
DA:6,1
DA:12,1
LF:5
LH:5
BRDA:2,0,0,1
BRDA:2,0,1,1
BRDA:2,1,0,2
BRDA:2,1,1,2
BRDA:2,1,2,2
BRF:5
BRH:5
end_of_record
TN:
SF:src\middleware\auth.middleware.js
FN:1,(anonymous_0)
FNF:1
FNH:1
FNDA:2,(anonymous_0)
DA:1,1
DA:2,2
DA:3,1
DA:6,1
DA:12,1
LF:5
LH:5
BRDA:2,0,0,1
BRDA:2,0,1,1
BRDA:2,1,0,2
BRDA:2,1,1,1
BRF:4
BRH:4
end_of_record
TN:
SF:src\routes\admin.routes.js
FNF:0
FNH:0
DA:1,0
DA:2,0
DA:3,0
DA:4,0
DA:7,0
DA:9,0
DA:10,0
DA:11,0
DA:13,0
DA:14,0
DA:15,0
DA:16,0
DA:17,0
DA:18,0
DA:19,0
DA:21,0
LF:16
LH:0
BRF:0
BRH:0
end_of_record
TN:
SF:src\routes\auth.routes.js
FNF:0
FNH:0
DA:1,0
DA:2,0
DA:3,0
DA:6,0
DA:9,0
DA:12,0
DA:14,0
LF:7
LH:0
BRF:0
BRH:0
end_of_record
TN:
SF:src\routes\dashboard.routes.js
FN:21,(anonymous_0)
FNF:1
FNH:0
FNDA:0,(anonymous_0)
DA:1,0
DA:2,0
DA:4,0
DA:6,0
DA:7,0
DA:9,0
DA:12,0
DA:15,0
DA:16,0
DA:17,0
DA:18,0
DA:21,0
DA:22,0
DA:25,0
DA:27,0
LF:15
LH:0
BRF:0
BRH:0
end_of_record
TN:
SF:src\routes\instructorDashboard.routes.js
FNF:0
FNH:0
DA:1,0
DA:2,0
DA:3,0
DA:4,0
DA:7,0
DA:9,0
DA:10,0
DA:11,0
DA:12,0
DA:13,0
DA:14,0
DA:15,0
DA:16,0
DA:17,0
DA:18,0
DA:19,0
DA:20,0
DA:21,0
DA:23,0
LF:19
LH:0
BRF:0
BRH:0
end_of_record
TN:
SF:src\routes\modules.routes.js
FNF:0
FNH:0
DA:1,0
DA:2,0
DA:3,0
DA:4,0
DA:7,0
DA:9,0
DA:10,0
DA:11,0
DA:12,0
DA:14,0
LF:10
LH:0
BRF:0
BRH:0
end_of_record
TN:
SF:src\routes\user.routes.js
FNF:0
FNH:0
DA:1,0
DA:2,0
DA:3,0
DA:4,0
DA:7,0
DA:10,0
DA:13,0
DA:16,0
DA:19,0
DA:22,0
DA:25,0
DA:27,0
LF:12
LH:0
BRF:0
BRH:0
end_of_record
