{"D:\\VRMTS\\backend\\src\\app.js":{"path":"D:\\VRMTS\\backend\\src\\app.js","statementMap":{"0":{"start":{"line":1,"column":16},"end":{"line":1,"column":34}},"1":{"start":{"line":2,"column":13},"end":{"line":2,"column":28}},"2":{"start":{"line":3,"column":16},"end":{"line":3,"column":42}},"3":{"start":{"line":4,"column":22},"end":{"line":4,"column":49}},"4":{"start":{"line":5,"column":19},"end":{"line":5,"column":50}},"5":{"start":{"line":7,"column":12},"end":{"line":7,"column":21}},"6":{"start":{"line":12,"column":0},"end":{"line":15,"column":4}},"7":{"start":{"line":18,"column":0},"end":{"line":18,"column":24}},"8":{"start":{"line":19,"column":0},"end":{"line":19,"column":48}},"9":{"start":{"line":22,"column":0},"end":{"line":22,"column":32}},"10":{"start":{"line":25,"column":0},"end":{"line":25,"column":33}},"11":{"start":{"line":26,"column":0},"end":{"line":26,"column":60}},"12":{"start":{"line":29,"column":24},"end":{"line":29,"column":60}},"13":{"start":{"line":30,"column":0},"end":{"line":30,"column":43}},"14":{"start":{"line":31,"column":0},"end":{"line":31,"column":63}},"15":{"start":{"line":33,"column":0},"end":{"line":33,"column":75}},"16":{"start":{"line":34,"column":0},"end":{"line":34,"column":54}},"17":{"start":{"line":35,"column":0},"end":{"line":35,"column":54}},"18":{"start":{"line":36,"column":0},"end":{"line":36,"column":70}},"19":{"start":{"line":37,"column":0},"end":{"line":37,"column":56}},"20":{"start":{"line":38,"column":0},"end":{"line":38,"column":64}},"21":{"start":{"line":39,"column":0},"end":{"line":39,"column":69}},"22":{"start":{"line":42,"column":0},"end":{"line":44,"column":3}},"23":{"start":{"line":43,"column":2},"end":{"line":43,"column":57}},"24":{"start":{"line":47,"column":0},"end":{"line":49,"column":3}},"25":{"start":{"line":48,"column":2},"end":{"line":48,"column":43}},"26":{"start":{"line":51,"column":0},"end":{"line":51,"column":21}}},"fnMap":{"0":{"name":"(anonymous_0)","decl":{"start":{"line":42,"column":31},"end":{"line":42,"column":32}},"loc":{"start":{"line":42,"column":45},"end":{"line":44,"column":1}},"line":42},"1":{"name":"(anonymous_1)","decl":{"start":{"line":47,"column":21},"end":{"line":47,"column":22}},"loc":{"start":{"line":47,"column":35},"end":{"line":49,"column":1}},"line":47}},"branchMap":{},"s":{"0":1,"1":1,"2":1,"3":1,"4":1,"5":1,"6":1,"7":1,"8":1,"9":1,"10":1,"11":1,"12":1,"13":1,"14":1,"15":1,"16":1,"17":1,"18":1,"19":1,"20":1,"21":1,"22":1,"23":0,"24":1,"25":1,"26":1},"f":{"0":0,"1":1},"b":{},"_coverageSchema":"1a1c01bbd47fc00a2c39e90264f33305004495a9","hash":"b1758dd04b7b3119251505616492b43aacdf1728","contentHash":"c14134fd604fe2c968ba59a1357c06c8715a1f88cfbfa771ed986fc07b8bc195"},"D:\\VRMTS\\backend\\src\\routes\\auth.routes.js":{"path":"D:\\VRMTS\\backend\\src\\routes\\auth.routes.js","statementMap":{"0":{"start":{"line":1,"column":16},"end":{"line":1,"column":34}},"1":{"start":{"line":2,"column":15},"end":{"line":2,"column":31}},"2":{"start":{"line":3,"column":23},"end":{"line":3,"column":64}},"3":{"start":{"line":6,"column":0},"end":{"line":6,"column":44}},"4":{"start":{"line":9,"column":0},"end":{"line":9,"column":46}},"5":{"start":{"line":12,"column":0},"end":{"line":12,"column":47}},"6":{"start":{"line":14,"column":0},"end":{"line":14,"column":24}}},"fnMap":{},"branchMap":{},"s":{"0":1,"1":1,"2":1,"3":1,"4":1,"5":1,"6":1},"f":{},"b":{},"_coverageSchema":"1a1c01bbd47fc00a2c39e90264f33305004495a9","hash":"d9c971e947f69370579c18fa1a7b0a3fb0b2618c","contentHash":"608d603987f4ac648c848a94c0c8b30414cdc17143d036acddc37875fa0dc6ac"},"D:\\VRMTS\\backend\\src\\controllers\\auth.controller.js":{"path":"D:\\VRMTS\\backend\\src\\controllers\\auth.controller.js","statementMap":{"0":{"start":{"line":1,"column":11},"end":{"line":1,"column":34}},"1":{"start":{"line":4,"column":14},"end":{"line":105,"column":1}},"2":{"start":{"line":5,"column":2},"end":{"line":104,"column":3}},"3":{"start":{"line":6,"column":32},"end":{"line":6,"column":40}},"4":{"start":{"line":8,"column":4},"end":{"line":12,"column":5}},"5":{"start":{"line":9,"column":6},"end":{"line":11,"column":9}},"6":{"start":{"line":14,"column":23},"end":{"line":14,"column":33}},"7":{"start":{"line":16,"column":20},"end":{"line":19,"column":5}},"8":{"start":{"line":21,"column":4},"end":{"line":26,"column":5}},"9":{"start":{"line":22,"column":6},"end":{"line":22,"column":29}},"10":{"start":{"line":23,"column":6},"end":{"line":25,"column":9}},"11":{"start":{"line":28,"column":17},"end":{"line":28,"column":25}},"12":{"start":{"line":30,"column":4},"end":{"line":35,"column":5}},"13":{"start":{"line":31,"column":6},"end":{"line":31,"column":29}},"14":{"start":{"line":32,"column":6},"end":{"line":34,"column":9}},"15":{"start":{"line":37,"column":4},"end":{"line":42,"column":5}},"16":{"start":{"line":38,"column":6},"end":{"line":38,"column":29}},"17":{"start":{"line":39,"column":6},"end":{"line":41,"column":9}},"18":{"start":{"line":45,"column":4},"end":{"line":48,"column":6}},"19":{"start":{"line":51,"column":4},"end":{"line":56,"column":6}},"20":{"start":{"line":59,"column":4},"end":{"line":75,"column":5}},"21":{"start":{"line":60,"column":25},"end":{"line":63,"column":7}},"22":{"start":{"line":64,"column":6},"end":{"line":66,"column":7}},"23":{"start":{"line":65,"column":8},"end":{"line":65,"column":59}},"24":{"start":{"line":67,"column":11},"end":{"line":75,"column":5}},"25":{"start":{"line":68,"column":25},"end":{"line":71,"column":7}},"26":{"start":{"line":72,"column":6},"end":{"line":74,"column":7}},"27":{"start":{"line":73,"column":8},"end":{"line":73,"column":59}},"28":{"start":{"line":77,"column":4},"end":{"line":77,"column":27}},"29":{"start":{"line":80,"column":4},"end":{"line":96,"column":7}},"30":{"start":{"line":81,"column":6},"end":{"line":87,"column":7}},"31":{"start":{"line":82,"column":8},"end":{"line":82,"column":50}},"32":{"start":{"line":83,"column":8},"end":{"line":86,"column":11}},"33":{"start":{"line":89,"column":6},"end":{"line":89,"column":56}},"34":{"start":{"line":92,"column":6},"end":{"line":95,"column":9}},"35":{"start":{"line":99,"column":4},"end":{"line":99,"column":41}},"36":{"start":{"line":100,"column":4},"end":{"line":103,"column":7}},"37":{"start":{"line":108,"column":15},"end":{"line":130,"column":1}},"38":{"start":{"line":109,"column":2},"end":{"line":129,"column":3}},"39":{"start":{"line":110,"column":4},"end":{"line":122,"column":7}},"40":{"start":{"line":111,"column":6},"end":{"line":116,"column":7}},"41":{"start":{"line":112,"column":8},"end":{"line":115,"column":11}},"42":{"start":{"line":118,"column":6},"end":{"line":118,"column":40}},"43":{"start":{"line":119,"column":6},"end":{"line":121,"column":9}},"44":{"start":{"line":124,"column":4},"end":{"line":124,"column":42}},"45":{"start":{"line":125,"column":4},"end":{"line":128,"column":7}},"46":{"start":{"line":133,"column":18},"end":{"line":147,"column":1}},"47":{"start":{"line":134,"column":2},"end":{"line":134,"column":54}},"48":{"start":{"line":136,"column":2},"end":{"line":146,"column":3}},"49":{"start":{"line":137,"column":4},"end":{"line":140,"column":7}},"50":{"start":{"line":142,"column":4},"end":{"line":145,"column":7}},"51":{"start":{"line":149,"column":0},"end":{"line":149,"column":46}}},"fnMap":{"0":{"name":"(anonymous_0)","decl":{"start":{"line":4,"column":14},"end":{"line":4,"column":15}},"loc":{"start":{"line":4,"column":34},"end":{"line":105,"column":1}},"line":4},"1":{"name":"(anonymous_1)","decl":{"start":{"line":80,"column":21},"end":{"line":80,"column":22}},"loc":{"start":{"line":80,"column":30},"end":{"line":96,"column":5}},"line":80},"2":{"name":"(anonymous_2)","decl":{"start":{"line":108,"column":15},"end":{"line":108,"column":16}},"loc":{"start":{"line":108,"column":35},"end":{"line":130,"column":1}},"line":108},"3":{"name":"(anonymous_3)","decl":{"start":{"line":110,"column":24},"end":{"line":110,"column":25}},"loc":{"start":{"line":110,"column":33},"end":{"line":122,"column":5}},"line":110},"4":{"name":"(anonymous_4)","decl":{"start":{"line":133,"column":18},"end":{"line":133,"column":19}},"loc":{"start":{"line":133,"column":38},"end":{"line":147,"column":1}},"line":133}},"branchMap":{"0":{"loc":{"start":{"line":8,"column":4},"end":{"line":12,"column":5}},"type":"if","locations":[{"start":{"line":8,"column":4},"end":{"line":12,"column":5}},{"start":{"line":8,"column":4},"end":{"line":12,"column":5}}],"line":8},"1":{"loc":{"start":{"line":8,"column":8},"end":{"line":8,"column":27}},"type":"binary-expr","locations":[{"start":{"line":8,"column":8},"end":{"line":8,"column":14}},{"start":{"line":8,"column":18},"end":{"line":8,"column":27}}],"line":8},"2":{"loc":{"start":{"line":21,"column":4},"end":{"line":26,"column":5}},"type":"if","locations":[{"start":{"line":21,"column":4},"end":{"line":26,"column":5}},{"start":{"line":21,"column":4},"end":{"line":26,"column":5}}],"line":21},"3":{"loc":{"start":{"line":30,"column":4},"end":{"line":35,"column":5}},"type":"if","locations":[{"start":{"line":30,"column":4},"end":{"line":35,"column":5}},{"start":{"line":30,"column":4},"end":{"line":35,"column":5}}],"line":30},"4":{"loc":{"start":{"line":37,"column":4},"end":{"line":42,"column":5}},"type":"if","locations":[{"start":{"line":37,"column":4},"end":{"line":42,"column":5}},{"start":{"line":37,"column":4},"end":{"line":42,"column":5}}],"line":37},"5":{"loc":{"start":{"line":59,"column":4},"end":{"line":75,"column":5}},"type":"if","locations":[{"start":{"line":59,"column":4},"end":{"line":75,"column":5}},{"start":{"line":59,"column":4},"end":{"line":75,"column":5}}],"line":59},"6":{"loc":{"start":{"line":64,"column":6},"end":{"line":66,"column":7}},"type":"if","locations":[{"start":{"line":64,"column":6},"end":{"line":66,"column":7}},{"start":{"line":64,"column":6},"end":{"line":66,"column":7}}],"line":64},"7":{"loc":{"start":{"line":67,"column":11},"end":{"line":75,"column":5}},"type":"if","locations":[{"start":{"line":67,"column":11},"end":{"line":75,"column":5}},{"start":{"line":67,"column":11},"end":{"line":75,"column":5}}],"line":67},"8":{"loc":{"start":{"line":72,"column":6},"end":{"line":74,"column":7}},"type":"if","locations":[{"start":{"line":72,"column":6},"end":{"line":74,"column":7}},{"start":{"line":72,"column":6},"end":{"line":74,"column":7}}],"line":72},"9":{"loc":{"start":{"line":81,"column":6},"end":{"line":87,"column":7}},"type":"if","locations":[{"start":{"line":81,"column":6},"end":{"line":87,"column":7}},{"start":{"line":81,"column":6},"end":{"line":87,"column":7}}],"line":81},"10":{"loc":{"start":{"line":111,"column":6},"end":{"line":116,"column":7}},"type":"if","locations":[{"start":{"line":111,"column":6},"end":{"line":116,"column":7}},{"start":{"line":111,"column":6},"end":{"line":116,"column":7}}],"line":111},"11":{"loc":{"start":{"line":136,"column":2},"end":{"line":146,"column":3}},"type":"if","locations":[{"start":{"line":136,"column":2},"end":{"line":146,"column":3}},{"start":{"line":136,"column":2},"end":{"line":146,"column":3}}],"line":136},"12":{"loc":{"start":{"line":136,"column":6},"end":{"line":136,"column":37}},"type":"binary-expr","locations":[{"start":{"line":136,"column":6},"end":{"line":136,"column":17}},{"start":{"line":136,"column":21},"end":{"line":136,"column":37}}],"line":136}},"s":{"0":1,"1":1,"2":0,"3":0,"4":0,"5":0,"6":0,"7":0,"8":0,"9":0,"10":0,"11":0,"12":0,"13":0,"14":0,"15":0,"16":0,"17":0,"18":0,"19":0,"20":0,"21":0,"22":0,"23":0,"24":0,"25":0,"26":0,"27":0,"28":0,"29":0,"30":0,"31":0,"32":0,"33":0,"34":0,"35":0,"36":0,"37":1,"38":0,"39":0,"40":0,"41":0,"42":0,"43":0,"44":0,"45":0,"46":1,"47":1,"48":1,"49":0,"50":1,"51":1},"f":{"0":0,"1":0,"2":0,"3":0,"4":1},"b":{"0":[0,0],"1":[0,0],"2":[0,0],"3":[0,0],"4":[0,0],"5":[0,0],"6":[0,0],"7":[0,0],"8":[0,0],"9":[0,0],"10":[0,0],"11":[0,1],"12":[1,1]},"_coverageSchema":"1a1c01bbd47fc00a2c39e90264f33305004495a9","hash":"db85524b1a92de1d299996f32517b5b9374308d6","contentHash":"0d33e8aff3f3a07fbce424c4318d59d07988b8e0c2592bb3ac138a2927630c5f"},"D:\\VRMTS\\backend\\src\\routes\\modules.routes.js":{"path":"D:\\VRMTS\\backend\\src\\routes\\modules.routes.js","statementMap":{"0":{"start":{"line":1,"column":16},"end":{"line":1,"column":34}},"1":{"start":{"line":2,"column":15},"end":{"line":2,"column":31}},"2":{"start":{"line":3,"column":26},"end":{"line":3,"column":70}},"3":{"start":{"line":4,"column":23},"end":{"line":4,"column":63}},"4":{"start":{"line":7,"column":0},"end":{"line":7,"column":27}},"5":{"start":{"line":9,"column":0},"end":{"line":9,"column":46}},"6":{"start":{"line":10,"column":0},"end":{"line":10,"column":56}},"7":{"start":{"line":11,"column":0},"end":{"line":11,"column":52}},"8":{"start":{"line":12,"column":0},"end":{"line":12,"column":63}},"9":{"start":{"line":14,"column":0},"end":{"line":14,"column":24}}},"fnMap":{},"branchMap":{},"s":{"0":1,"1":1,"2":1,"3":1,"4":1,"5":1,"6":1,"7":1,"8":1,"9":1},"f":{},"b":{},"_coverageSchema":"1a1c01bbd47fc00a2c39e90264f33305004495a9","hash":"88f6a1b7557b1d44567529a73b4db783e0dbe61c","contentHash":"57f32ba477a61471ccb8d402aac27f08f95d12f976b02a6663d6381a9a9d27a8"},"D:\\VRMTS\\backend\\src\\controllers\\modules.controller.js":{"path":"D:\\VRMTS\\backend\\src\\controllers\\modules.controller.js","statementMap":{"0":{"start":{"line":1,"column":11},"end":{"line":1,"column":34}},"1":{"start":{"line":4,"column":19},"end":{"line":129,"column":1}},"2":{"start":{"line":5,"column":2},"end":{"line":128,"column":3}},"3":{"start":{"line":6,"column":17},"end":{"line":6,"column":33}},"4":{"start":{"line":7,"column":19},"end":{"line":7,"column":30}},"5":{"start":{"line":8,"column":21},"end":{"line":8,"column":34}},"6":{"start":{"line":10,"column":23},"end":{"line":10,"column":33}},"7":{"start":{"line":13,"column":4},"end":{"line":65,"column":5}},"8":{"start":{"line":15,"column":25},"end":{"line":18,"column":7}},"9":{"start":{"line":20,"column":6},"end":{"line":26,"column":7}},"10":{"start":{"line":21,"column":8},"end":{"line":21,"column":31}},"11":{"start":{"line":22,"column":8},"end":{"line":25,"column":11}},"12":{"start":{"line":28,"column":24},"end":{"line":28,"column":45}},"13":{"start":{"line":29,"column":6},"end":{"line":46,"column":22}},"14":{"start":{"line":49,"column":6},"end":{"line":64,"column":9}},"15":{"start":{"line":68,"column":31},"end":{"line":112,"column":6}},"16":{"start":{"line":70,"column":19},"end":{"line":70,"column":44}},"17":{"start":{"line":71,"column":21},"end":{"line":71,"column":28}},"18":{"start":{"line":72,"column":6},"end":{"line":77,"column":118}},"19":{"start":{"line":72,"column":61},"end":{"line":72,"column":89}},"20":{"start":{"line":73,"column":11},"end":{"line":77,"column":118}},"21":{"start":{"line":73,"column":71},"end":{"line":73,"column":92}},"22":{"start":{"line":74,"column":11},"end":{"line":77,"column":118}},"23":{"start":{"line":74,"column":67},"end":{"line":74,"column":89}},"24":{"start":{"line":75,"column":11},"end":{"line":77,"column":118}},"25":{"start":{"line":75,"column":69},"end":{"line":75,"column":91}},"26":{"start":{"line":76,"column":11},"end":{"line":77,"column":118}},"27":{"start":{"line":76,"column":70},"end":{"line":76,"column":95}},"28":{"start":{"line":77,"column":11},"end":{"line":77,"column":118}},"29":{"start":{"line":77,"column":97},"end":{"line":77,"column":118}},"30":{"start":{"line":79,"column":17},"end":{"line":79,"column":21}},"31":{"start":{"line":80,"column":6},"end":{"line":91,"column":80}},"32":{"start":{"line":80,"column":61},"end":{"line":80,"column":73}},"33":{"start":{"line":81,"column":11},"end":{"line":91,"column":80}},"34":{"start":{"line":81,"column":67},"end":{"line":81,"column":79}},"35":{"start":{"line":82,"column":11},"end":{"line":91,"column":80}},"36":{"start":{"line":82,"column":67},"end":{"line":82,"column":79}},"37":{"start":{"line":83,"column":11},"end":{"line":91,"column":80}},"38":{"start":{"line":83,"column":69},"end":{"line":83,"column":81}},"39":{"start":{"line":84,"column":11},"end":{"line":91,"column":80}},"40":{"start":{"line":84,"column":70},"end":{"line":84,"column":82}},"41":{"start":{"line":85,"column":11},"end":{"line":91,"column":80}},"42":{"start":{"line":85,"column":43},"end":{"line":85,"column":55}},"43":{"start":{"line":86,"column":11},"end":{"line":91,"column":80}},"44":{"start":{"line":86,"column":64},"end":{"line":86,"column":77}},"45":{"start":{"line":87,"column":11},"end":{"line":91,"column":80}},"46":{"start":{"line":87,"column":66},"end":{"line":87,"column":78}},"47":{"start":{"line":88,"column":11},"end":{"line":91,"column":80}},"48":{"start":{"line":88,"column":43},"end":{"line":88,"column":55}},"49":{"start":{"line":89,"column":11},"end":{"line":91,"column":80}},"50":{"start":{"line":89,"column":43},"end":{"line":89,"column":54}},"51":{"start":{"line":90,"column":11},"end":{"line":91,"column":80}},"52":{"start":{"line":90,"column":72},"end":{"line":90,"column":85}},"53":{"start":{"line":91,"column":11},"end":{"line":91,"column":80}},"54":{"start":{"line":91,"column":68},"end":{"line":91,"column":80}},"55":{"start":{"line":93,"column":20},"end":{"line":93,"column":22}},"56":{"start":{"line":94,"column":29},"end":{"line":94,"column":68}},"57":{"start":{"line":95,"column":23},"end":{"line":95,"column":82}},"58":{"start":{"line":97,"column":6},"end":{"line":111,"column":8}},"59":{"start":{"line":114,"column":4},"end":{"line":114,"column":27}},"60":{"start":{"line":116,"column":4},"end":{"line":119,"column":7}},"61":{"start":{"line":122,"column":4},"end":{"line":122,"column":52}},"62":{"start":{"line":123,"column":4},"end":{"line":127,"column":7}},"63":{"start":{"line":132,"column":24},"end":{"line":187,"column":1}},"64":{"start":{"line":133,"column":2},"end":{"line":186,"column":3}},"65":{"start":{"line":134,"column":19},"end":{"line":134,"column":42}},"66":{"start":{"line":136,"column":23},"end":{"line":136,"column":33}},"67":{"start":{"line":139,"column":23},"end":{"line":142,"column":5}},"68":{"start":{"line":144,"column":4},"end":{"line":150,"column":5}},"69":{"start":{"line":145,"column":6},"end":{"line":145,"column":29}},"70":{"start":{"line":146,"column":6},"end":{"line":149,"column":9}},"71":{"start":{"line":152,"column":22},"end":{"line":152,"column":43}},"72":{"start":{"line":155,"column":20},"end":{"line":163,"column":19}},"73":{"start":{"line":165,"column":21},"end":{"line":165,"column":29}},"74":{"start":{"line":167,"column":4},"end":{"line":167,"column":27}},"75":{"start":{"line":169,"column":4},"end":{"line":177,"column":7}},"76":{"start":{"line":180,"column":4},"end":{"line":180,"column":58}},"77":{"start":{"line":181,"column":4},"end":{"line":185,"column":7}},"78":{"start":{"line":190,"column":20},"end":{"line":253,"column":1}},"79":{"start":{"line":191,"column":2},"end":{"line":252,"column":3}},"80":{"start":{"line":192,"column":17},"end":{"line":192,"column":33}},"81":{"start":{"line":193,"column":19},"end":{"line":193,"column":30}},"82":{"start":{"line":194,"column":21},"end":{"line":194,"column":34}},"83":{"start":{"line":196,"column":23},"end":{"line":196,"column":33}},"84":{"start":{"line":199,"column":4},"end":{"line":236,"column":5}},"85":{"start":{"line":201,"column":25},"end":{"line":204,"column":7}},"86":{"start":{"line":206,"column":6},"end":{"line":212,"column":7}},"87":{"start":{"line":207,"column":8},"end":{"line":207,"column":31}},"88":{"start":{"line":208,"column":8},"end":{"line":211,"column":11}},"89":{"start":{"line":214,"column":24},"end":{"line":214,"column":45}},"90":{"start":{"line":215,"column":23},"end":{"line":215,"column":42}},"91":{"start":{"line":218,"column":25},"end":{"line":221,"column":7}},"92":{"start":{"line":223,"column":6},"end":{"line":235,"column":7}},"93":{"start":{"line":225,"column":8},"end":{"line":228,"column":10}},"94":{"start":{"line":231,"column":8},"end":{"line":234,"column":10}},"95":{"start":{"line":238,"column":4},"end":{"line":238,"column":27}},"96":{"start":{"line":240,"column":4},"end":{"line":243,"column":7}},"97":{"start":{"line":246,"column":4},"end":{"line":246,"column":51}},"98":{"start":{"line":247,"column":4},"end":{"line":251,"column":7}},"99":{"start":{"line":256,"column":22},"end":{"line":279,"column":1}},"100":{"start":{"line":257,"column":2},"end":{"line":278,"column":3}},"101":{"start":{"line":258,"column":23},"end":{"line":258,"column":33}},"102":{"start":{"line":260,"column":22},"end":{"line":262,"column":5}},"103":{"start":{"line":264,"column":4},"end":{"line":264,"column":27}},"104":{"start":{"line":266,"column":4},"end":{"line":269,"column":7}},"105":{"start":{"line":272,"column":4},"end":{"line":272,"column":56}},"106":{"start":{"line":273,"column":4},"end":{"line":277,"column":7}},"107":{"start":{"line":281,"column":0},"end":{"line":281,"column":77}}},"fnMap":{"0":{"name":"(anonymous_0)","decl":{"start":{"line":4,"column":19},"end":{"line":4,"column":20}},"loc":{"start":{"line":4,"column":39},"end":{"line":129,"column":1}},"line":4},"1":{"name":"(anonymous_1)","decl":{"start":{"line":68,"column":43},"end":{"line":68,"column":44}},"loc":{"start":{"line":68,"column":53},"end":{"line":112,"column":5}},"line":68},"2":{"name":"(anonymous_2)","decl":{"start":{"line":132,"column":24},"end":{"line":132,"column":25}},"loc":{"start":{"line":132,"column":44},"end":{"line":187,"column":1}},"line":132},"3":{"name":"(anonymous_3)","decl":{"start":{"line":190,"column":20},"end":{"line":190,"column":21}},"loc":{"start":{"line":190,"column":40},"end":{"line":253,"column":1}},"line":190},"4":{"name":"(anonymous_4)","decl":{"start":{"line":256,"column":22},"end":{"line":256,"column":23}},"loc":{"start":{"line":256,"column":42},"end":{"line":279,"column":1}},"line":256}},"branchMap":{"0":{"loc":{"start":{"line":13,"column":4},"end":{"line":65,"column":5}},"type":"if","locations":[{"start":{"line":13,"column":4},"end":{"line":65,"column":5}},{"start":{"line":13,"column":4},"end":{"line":65,"column":5}}],"line":13},"1":{"loc":{"start":{"line":20,"column":6},"end":{"line":26,"column":7}},"type":"if","locations":[{"start":{"line":20,"column":6},"end":{"line":26,"column":7}},{"start":{"line":20,"column":6},"end":{"line":26,"column":7}}],"line":20},"2":{"loc":{"start":{"line":72,"column":6},"end":{"line":77,"column":118}},"type":"if","locations":[{"start":{"line":72,"column":6},"end":{"line":77,"column":118}},{"start":{"line":72,"column":6},"end":{"line":77,"column":118}}],"line":72},"3":{"loc":{"start":{"line":72,"column":10},"end":{"line":72,"column":59}},"type":"binary-expr","locations":[{"start":{"line":72,"column":10},"end":{"line":72,"column":33}},{"start":{"line":72,"column":37},"end":{"line":72,"column":59}}],"line":72},"4":{"loc":{"start":{"line":73,"column":11},"end":{"line":77,"column":118}},"type":"if","locations":[{"start":{"line":73,"column":11},"end":{"line":77,"column":118}},{"start":{"line":73,"column":11},"end":{"line":77,"column":118}}],"line":73},"5":{"loc":{"start":{"line":73,"column":15},"end":{"line":73,"column":69}},"type":"binary-expr","locations":[{"start":{"line":73,"column":15},"end":{"line":73,"column":39}},{"start":{"line":73,"column":43},"end":{"line":73,"column":69}}],"line":73},"6":{"loc":{"start":{"line":74,"column":11},"end":{"line":77,"column":118}},"type":"if","locations":[{"start":{"line":74,"column":11},"end":{"line":77,"column":118}},{"start":{"line":74,"column":11},"end":{"line":77,"column":118}}],"line":74},"7":{"loc":{"start":{"line":74,"column":15},"end":{"line":74,"column":65}},"type":"binary-expr","locations":[{"start":{"line":74,"column":15},"end":{"line":74,"column":40}},{"start":{"line":74,"column":44},"end":{"line":74,"column":65}}],"line":74},"8":{"loc":{"start":{"line":75,"column":11},"end":{"line":77,"column":118}},"type":"if","locations":[{"start":{"line":75,"column":11},"end":{"line":77,"column":118}},{"start":{"line":75,"column":11},"end":{"line":77,"column":118}}],"line":75},"9":{"loc":{"start":{"line":75,"column":15},"end":{"line":75,"column":67}},"type":"binary-expr","locations":[{"start":{"line":75,"column":15},"end":{"line":75,"column":40}},{"start":{"line":75,"column":44},"end":{"line":75,"column":67}}],"line":75},"10":{"loc":{"start":{"line":76,"column":11},"end":{"line":77,"column":118}},"type":"if","locations":[{"start":{"line":76,"column":11},"end":{"line":77,"column":118}},{"start":{"line":76,"column":11},"end":{"line":77,"column":118}}],"line":76},"11":{"loc":{"start":{"line":76,"column":15},"end":{"line":76,"column":68}},"type":"binary-expr","locations":[{"start":{"line":76,"column":15},"end":{"line":76,"column":43}},{"start":{"line":76,"column":47},"end":{"line":76,"column":68}}],"line":76},"12":{"loc":{"start":{"line":77,"column":11},"end":{"line":77,"column":118}},"type":"if","locations":[{"start":{"line":77,"column":11},"end":{"line":77,"column":118}},{"start":{"line":77,"column":11},"end":{"line":77,"column":118}}],"line":77},"13":{"loc":{"start":{"line":77,"column":15},"end":{"line":77,"column":95}},"type":"binary-expr","locations":[{"start":{"line":77,"column":15},"end":{"line":77,"column":38}},{"start":{"line":77,"column":42},"end":{"line":77,"column":67}},{"start":{"line":77,"column":71},"end":{"line":77,"column":95}}],"line":77},"14":{"loc":{"start":{"line":80,"column":6},"end":{"line":91,"column":80}},"type":"if","locations":[{"start":{"line":80,"column":6},"end":{"line":91,"column":80}},{"start":{"line":80,"column":6},"end":{"line":91,"column":80}}],"line":80},"15":{"loc":{"start":{"line":80,"column":10},"end":{"line":80,"column":59}},"type":"binary-expr","locations":[{"start":{"line":80,"column":10},"end":{"line":80,"column":33}},{"start":{"line":80,"column":37},"end":{"line":80,"column":59}}],"line":80},"16":{"loc":{"start":{"line":81,"column":11},"end":{"line":91,"column":80}},"type":"if","locations":[{"start":{"line":81,"column":11},"end":{"line":91,"column":80}},{"start":{"line":81,"column":11},"end":{"line":91,"column":80}}],"line":81},"17":{"loc":{"start":{"line":81,"column":15},"end":{"line":81,"column":65}},"type":"binary-expr","locations":[{"start":{"line":81,"column":15},"end":{"line":81,"column":39}},{"start":{"line":81,"column":43},"end":{"line":81,"column":65}}],"line":81},"18":{"loc":{"start":{"line":82,"column":11},"end":{"line":91,"column":80}},"type":"if","locations":[{"start":{"line":82,"column":11},"end":{"line":91,"column":80}},{"start":{"line":82,"column":11},"end":{"line":91,"column":80}}],"line":82},"19":{"loc":{"start":{"line":82,"column":15},"end":{"line":82,"column":65}},"type":"binary-expr","locations":[{"start":{"line":82,"column":15},"end":{"line":82,"column":40}},{"start":{"line":82,"column":44},"end":{"line":82,"column":65}}],"line":82},"20":{"loc":{"start":{"line":83,"column":11},"end":{"line":91,"column":80}},"type":"if","locations":[{"start":{"line":83,"column":11},"end":{"line":91,"column":80}},{"start":{"line":83,"column":11},"end":{"line":91,"column":80}}],"line":83},"21":{"loc":{"start":{"line":83,"column":15},"end":{"line":83,"column":67}},"type":"binary-expr","locations":[{"start":{"line":83,"column":15},"end":{"line":83,"column":40}},{"start":{"line":83,"column":44},"end":{"line":83,"column":67}}],"line":83},"22":{"loc":{"start":{"line":84,"column":11},"end":{"line":91,"column":80}},"type":"if","locations":[{"start":{"line":84,"column":11},"end":{"line":91,"column":80}},{"start":{"line":84,"column":11},"end":{"line":91,"column":80}}],"line":84},"23":{"loc":{"start":{"line":84,"column":15},"end":{"line":84,"column":68}},"type":"binary-expr","locations":[{"start":{"line":84,"column":15},"end":{"line":84,"column":43}},{"start":{"line":84,"column":47},"end":{"line":84,"column":68}}],"line":84},"24":{"loc":{"start":{"line":85,"column":11},"end":{"line":91,"column":80}},"type":"if","locations":[{"start":{"line":85,"column":11},"end":{"line":91,"column":80}},{"start":{"line":85,"column":11},"end":{"line":91,"column":80}}],"line":85},"25":{"loc":{"start":{"line":86,"column":11},"end":{"line":91,"column":80}},"type":"if","locations":[{"start":{"line":86,"column":11},"end":{"line":91,"column":80}},{"start":{"line":86,"column":11},"end":{"line":91,"column":80}}],"line":86},"26":{"loc":{"start":{"line":86,"column":15},"end":{"line":86,"column":62}},"type":"binary-expr","locations":[{"start":{"line":86,"column":15},"end":{"line":86,"column":38}},{"start":{"line":86,"column":42},"end":{"line":86,"column":62}}],"line":86},"27":{"loc":{"start":{"line":87,"column":11},"end":{"line":91,"column":80}},"type":"if","locations":[{"start":{"line":87,"column":11},"end":{"line":91,"column":80}},{"start":{"line":87,"column":11},"end":{"line":91,"column":80}}],"line":87},"28":{"loc":{"start":{"line":87,"column":15},"end":{"line":87,"column":64}},"type":"binary-expr","locations":[{"start":{"line":87,"column":15},"end":{"line":87,"column":40}},{"start":{"line":87,"column":44},"end":{"line":87,"column":64}}],"line":87},"29":{"loc":{"start":{"line":88,"column":11},"end":{"line":91,"column":80}},"type":"if","locations":[{"start":{"line":88,"column":11},"end":{"line":91,"column":80}},{"start":{"line":88,"column":11},"end":{"line":91,"column":80}}],"line":88},"30":{"loc":{"start":{"line":89,"column":11},"end":{"line":91,"column":80}},"type":"if","locations":[{"start":{"line":89,"column":11},"end":{"line":91,"column":80}},{"start":{"line":89,"column":11},"end":{"line":91,"column":80}}],"line":89},"31":{"loc":{"start":{"line":90,"column":11},"end":{"line":91,"column":80}},"type":"if","locations":[{"start":{"line":90,"column":11},"end":{"line":91,"column":80}},{"start":{"line":90,"column":11},"end":{"line":91,"column":80}}],"line":90},"32":{"loc":{"start":{"line":90,"column":15},"end":{"line":90,"column":70}},"type":"binary-expr","locations":[{"start":{"line":90,"column":15},"end":{"line":90,"column":45}},{"start":{"line":90,"column":49},"end":{"line":90,"column":70}}],"line":90},"33":{"loc":{"start":{"line":91,"column":11},"end":{"line":91,"column":80}},"type":"if","locations":[{"start":{"line":91,"column":11},"end":{"line":91,"column":80}},{"start":{"line":91,"column":11},"end":{"line":91,"column":80}}],"line":91},"34":{"loc":{"start":{"line":91,"column":15},"end":{"line":91,"column":66}},"type":"binary-expr","locations":[{"start":{"line":91,"column":15},"end":{"line":91,"column":39}},{"start":{"line":91,"column":43},"end":{"line":91,"column":66}}],"line":91},"35":{"loc":{"start":{"line":94,"column":41},"end":{"line":94,"column":61}},"type":"binary-expr","locations":[{"start":{"line":94,"column":41},"end":{"line":94,"column":56}},{"start":{"line":94,"column":60},"end":{"line":94,"column":61}}],"line":94},"36":{"loc":{"start":{"line":103,"column":18},"end":{"line":103,"column":38}},"type":"binary-expr","locations":[{"start":{"line":103,"column":18},"end":{"line":103,"column":33}},{"start":{"line":103,"column":37},"end":{"line":103,"column":38}}],"line":103},"37":{"loc":{"start":{"line":104,"column":16},"end":{"line":104,"column":46}},"type":"binary-expr","locations":[{"start":{"line":104,"column":16},"end":{"line":104,"column":29}},{"start":{"line":104,"column":33},"end":{"line":104,"column":46}}],"line":104},"38":{"loc":{"start":{"line":110,"column":20},"end":{"line":110,"column":42}},"type":"binary-expr","locations":[{"start":{"line":110,"column":20},"end":{"line":110,"column":37}},{"start":{"line":110,"column":41},"end":{"line":110,"column":42}}],"line":110},"39":{"loc":{"start":{"line":144,"column":4},"end":{"line":150,"column":5}},"type":"if","locations":[{"start":{"line":144,"column":4},"end":{"line":150,"column":5}},{"start":{"line":144,"column":4},"end":{"line":150,"column":5}}],"line":144},"40":{"loc":{"start":{"line":172,"column":15},"end":{"line":172,"column":34}},"type":"binary-expr","locations":[{"start":{"line":172,"column":15},"end":{"line":172,"column":29}},{"start":{"line":172,"column":33},"end":{"line":172,"column":34}}],"line":172},"41":{"loc":{"start":{"line":173,"column":19},"end":{"line":173,"column":42}},"type":"binary-expr","locations":[{"start":{"line":173,"column":19},"end":{"line":173,"column":37}},{"start":{"line":173,"column":41},"end":{"line":173,"column":42}}],"line":173},"42":{"loc":{"start":{"line":174,"column":20},"end":{"line":174,"column":44}},"type":"binary-expr","locations":[{"start":{"line":174,"column":20},"end":{"line":174,"column":39}},{"start":{"line":174,"column":43},"end":{"line":174,"column":44}}],"line":174},"43":{"loc":{"start":{"line":175,"column":32},"end":{"line":175,"column":57}},"type":"binary-expr","locations":[{"start":{"line":175,"column":32},"end":{"line":175,"column":52}},{"start":{"line":175,"column":56},"end":{"line":175,"column":57}}],"line":175},"44":{"loc":{"start":{"line":199,"column":4},"end":{"line":236,"column":5}},"type":"if","locations":[{"start":{"line":199,"column":4},"end":{"line":236,"column":5}},{"start":{"line":199,"column":4},"end":{"line":236,"column":5}}],"line":199},"45":{"loc":{"start":{"line":206,"column":6},"end":{"line":212,"column":7}},"type":"if","locations":[{"start":{"line":206,"column":6},"end":{"line":212,"column":7}},{"start":{"line":206,"column":6},"end":{"line":212,"column":7}}],"line":206},"46":{"loc":{"start":{"line":223,"column":6},"end":{"line":235,"column":7}},"type":"if","locations":[{"start":{"line":223,"column":6},"end":{"line":235,"column":7}},{"start":{"line":223,"column":6},"end":{"line":235,"column":7}}],"line":223},"47":{"loc":{"start":{"line":242,"column":15},"end":{"line":242,"column":88}},"type":"cond-expr","locations":[{"start":{"line":242,"column":40},"end":{"line":242,"column":69}},{"start":{"line":242,"column":72},"end":{"line":242,"column":88}}],"line":242}},"s":{"0":1,"1":1,"2":0,"3":0,"4":0,"5":0,"6":0,"7":0,"8":0,"9":0,"10":0,"11":0,"12":0,"13":0,"14":0,"15":0,"16":0,"17":0,"18":0,"19":0,"20":0,"21":0,"22":0,"23":0,"24":0,"25":0,"26":0,"27":0,"28":0,"29":0,"30":0,"31":0,"32":0,"33":0,"34":0,"35":0,"36":0,"37":0,"38":0,"39":0,"40":0,"41":0,"42":0,"43":0,"44":0,"45":0,"46":0,"47":0,"48":0,"49":0,"50":0,"51":0,"52":0,"53":0,"54":0,"55":0,"56":0,"57":0,"58":0,"59":0,"60":0,"61":0,"62":0,"63":1,"64":0,"65":0,"66":0,"67":0,"68":0,"69":0,"70":0,"71":0,"72":0,"73":0,"74":0,"75":0,"76":0,"77":0,"78":1,"79":0,"80":0,"81":0,"82":0,"83":0,"84":0,"85":0,"86":0,"87":0,"88":0,"89":0,"90":0,"91":0,"92":0,"93":0,"94":0,"95":0,"96":0,"97":0,"98":0,"99":1,"100":0,"101":0,"102":0,"103":0,"104":0,"105":0,"106":0,"107":1},"f":{"0":0,"1":0,"2":0,"3":0,"4":0},"b":{"0":[0,0],"1":[0,0],"2":[0,0],"3":[0,0],"4":[0,0],"5":[0,0],"6":[0,0],"7":[0,0],"8":[0,0],"9":[0,0],"10":[0,0],"11":[0,0],"12":[0,0],"13":[0,0,0],"14":[0,0],"15":[0,0],"16":[0,0],"17":[0,0],"18":[0,0],"19":[0,0],"20":[0,0],"21":[0,0],"22":[0,0],"23":[0,0],"24":[0,0],"25":[0,0],"26":[0,0],"27":[0,0],"28":[0,0],"29":[0,0],"30":[0,0],"31":[0,0],"32":[0,0],"33":[0,0],"34":[0,0],"35":[0,0],"36":[0,0],"37":[0,0],"38":[0,0],"39":[0,0],"40":[0,0],"41":[0,0],"42":[0,0],"43":[0,0],"44":[0,0],"45":[0,0],"46":[0,0],"47":[0,0]},"_coverageSchema":"1a1c01bbd47fc00a2c39e90264f33305004495a9","hash":"fc2d08df8348b0816d740113a9cd4c7420d1f113","contentHash":"3c9173ca3155c33a3d53fbdc197da64c73dbb3d9de8402de79ac538a780f7c7c"},"D:\\VRMTS\\backend\\src\\middleware\\auth.middleware.js":{"path":"D:\\VRMTS\\backend\\src\\middleware\\auth.middleware.js","statementMap":{"0":{"start":{"line":1,"column":23},"end":{"line":10,"column":1}},"1":{"start":{"line":2,"column":2},"end":{"line":4,"column":3}},"2":{"start":{"line":3,"column":4},"end":{"line":3,"column":18}},"3":{"start":{"line":6,"column":2},"end":{"line":9,"column":5}},"4":{"start":{"line":12,"column":0},"end":{"line":12,"column":32}}},"fnMap":{"0":{"name":"(anonymous_0)","decl":{"start":{"line":1,"column":23},"end":{"line":1,"column":24}},"loc":{"start":{"line":1,"column":43},"end":{"line":10,"column":1}},"line":1}},"branchMap":{"0":{"loc":{"start":{"line":2,"column":2},"end":{"line":4,"column":3}},"type":"if","locations":[{"start":{"line":2,"column":2},"end":{"line":4,"column":3}},{"start":{"line":2,"column":2},"end":{"line":4,"column":3}}],"line":2},"1":{"loc":{"start":{"line":2,"column":6},"end":{"line":2,"column":37}},"type":"binary-expr","locations":[{"start":{"line":2,"column":6},"end":{"line":2,"column":17}},{"start":{"line":2,"column":21},"end":{"line":2,"column":37}}],"line":2}},"s":{"0":1,"1":0,"2":0,"3":0,"4":1},"f":{"0":0},"b":{"0":[0,0],"1":[0,0]},"_coverageSchema":"1a1c01bbd47fc00a2c39e90264f33305004495a9","hash":"73a9b627672361f07bbc401ad3e9a522861751b1","contentHash":"1a7dcb8953e9ecc52fe8d82c09a93c068e9c520319dc6111031000a1171491ca"},"D:\\VRMTS\\backend\\src\\routes\\dashboard.routes.js":{"path":"D:\\VRMTS\\backend\\src\\routes\\dashboard.routes.js","statementMap":{"0":{"start":{"line":1,"column":16},"end":{"line":1,"column":34}},"1":{"start":{"line":2,"column":15},"end":{"line":2,"column":31}},"2":{"start":{"line":4,"column":0},"end":{"line":4,"column":43}},"3":{"start":{"line":6,"column":28},"end":{"line":6,"column":74}},"4":{"start":{"line":7,"column":23},"end":{"line":7,"column":63}},"5":{"start":{"line":9,"column":0},"end":{"line":9,"column":78}},"6":{"start":{"line":12,"column":0},"end":{"line":12,"column":27}},"7":{"start":{"line":15,"column":0},"end":{"line":15,"column":60}},"8":{"start":{"line":16,"column":0},"end":{"line":16,"column":68}},"9":{"start":{"line":17,"column":0},"end":{"line":17,"column":70}},"10":{"start":{"line":18,"column":0},"end":{"line":18,"column":76}},"11":{"start":{"line":21,"column":0},"end":{"line":23,"column":3}},"12":{"start":{"line":22,"column":2},"end":{"line":22,"column":133}},"13":{"start":{"line":25,"column":0},"end":{"line":25,"column":57}},"14":{"start":{"line":27,"column":0},"end":{"line":27,"column":24}}},"fnMap":{"0":{"name":"(anonymous_0)","decl":{"start":{"line":21,"column":26},"end":{"line":21,"column":27}},"loc":{"start":{"line":21,"column":40},"end":{"line":23,"column":1}},"line":21}},"branchMap":{},"s":{"0":1,"1":1,"2":1,"3":1,"4":1,"5":1,"6":1,"7":1,"8":1,"9":1,"10":1,"11":1,"12":0,"13":1,"14":1},"f":{"0":0},"b":{},"_coverageSchema":"1a1c01bbd47fc00a2c39e90264f33305004495a9","hash":"48e2bc54b698b424499f25be6186f22b584fa3ab","contentHash":"12509a4207fe1d4982c584b5f8452c4ef2f89391a6232cd961f8ddadd2c15f23"},"D:\\VRMTS\\backend\\src\\controllers\\dashboard.controller.js":{"path":"D:\\VRMTS\\backend\\src\\controllers\\dashboard.controller.js","statementMap":{"0":{"start":{"line":1,"column":11},"end":{"line":1,"column":34}},"1":{"start":{"line":4,"column":26},"end":{"line":97,"column":1}},"2":{"start":{"line":5,"column":2},"end":{"line":96,"column":3}},"3":{"start":{"line":6,"column":19},"end":{"line":6,"column":42}},"4":{"start":{"line":8,"column":23},"end":{"line":8,"column":33}},"5":{"start":{"line":11,"column":28},"end":{"line":14,"column":5}},"6":{"start":{"line":16,"column":4},"end":{"line":22,"column":5}},"7":{"start":{"line":17,"column":6},"end":{"line":17,"column":29}},"8":{"start":{"line":18,"column":6},"end":{"line":21,"column":9}},"9":{"start":{"line":24,"column":22},"end":{"line":24,"column":48}},"10":{"start":{"line":27,"column":27},"end":{"line":35,"column":19}},"11":{"start":{"line":37,"column":24},"end":{"line":44,"column":19}},"12":{"start":{"line":47,"column":25},"end":{"line":55,"column":19}},"13":{"start":{"line":57,"column":17},"end":{"line":57,"column":18}},"14":{"start":{"line":58,"column":18},"end":{"line":58,"column":56}},"15":{"start":{"line":59,"column":20},"end":{"line":59,"column":25}},"16":{"start":{"line":61,"column":4},"end":{"line":72,"column":5}},"17":{"start":{"line":61,"column":17},"end":{"line":61,"column":18}},"18":{"start":{"line":62,"column":26},"end":{"line":62,"column":72}},"19":{"start":{"line":63,"column":6},"end":{"line":71,"column":7}},"20":{"start":{"line":64,"column":8},"end":{"line":64,"column":17}},"21":{"start":{"line":66,"column":25},"end":{"line":66,"column":44}},"22":{"start":{"line":67,"column":8},"end":{"line":67,"column":49}},"23":{"start":{"line":68,"column":8},"end":{"line":68,"column":57}},"24":{"start":{"line":70,"column":8},"end":{"line":70,"column":14}},"25":{"start":{"line":74,"column":4},"end":{"line":74,"column":27}},"26":{"start":{"line":76,"column":18},"end":{"line":82,"column":5}},"27":{"start":{"line":84,"column":4},"end":{"line":87,"column":7}},"28":{"start":{"line":90,"column":4},"end":{"line":90,"column":60}},"29":{"start":{"line":91,"column":4},"end":{"line":95,"column":7}},"30":{"start":{"line":100,"column":25},"end":{"line":203,"column":1}},"31":{"start":{"line":101,"column":2},"end":{"line":202,"column":3}},"32":{"start":{"line":102,"column":19},"end":{"line":102,"column":42}},"33":{"start":{"line":104,"column":23},"end":{"line":104,"column":33}},"34":{"start":{"line":107,"column":28},"end":{"line":110,"column":5}},"35":{"start":{"line":112,"column":4},"end":{"line":118,"column":5}},"36":{"start":{"line":113,"column":6},"end":{"line":113,"column":29}},"37":{"start":{"line":114,"column":6},"end":{"line":117,"column":9}},"38":{"start":{"line":120,"column":22},"end":{"line":120,"column":48}},"39":{"start":{"line":123,"column":22},"end":{"line":138,"column":19}},"40":{"start":{"line":141,"column":31},"end":{"line":186,"column":6}},"41":{"start":{"line":143,"column":19},"end":{"line":143,"column":44}},"42":{"start":{"line":144,"column":21},"end":{"line":144,"column":28}},"43":{"start":{"line":145,"column":6},"end":{"line":150,"column":118}},"44":{"start":{"line":145,"column":61},"end":{"line":145,"column":89}},"45":{"start":{"line":146,"column":11},"end":{"line":150,"column":118}},"46":{"start":{"line":146,"column":71},"end":{"line":146,"column":92}},"47":{"start":{"line":147,"column":11},"end":{"line":150,"column":118}},"48":{"start":{"line":147,"column":67},"end":{"line":147,"column":89}},"49":{"start":{"line":148,"column":11},"end":{"line":150,"column":118}},"50":{"start":{"line":148,"column":69},"end":{"line":148,"column":91}},"51":{"start":{"line":149,"column":11},"end":{"line":150,"column":118}},"52":{"start":{"line":149,"column":70},"end":{"line":149,"column":95}},"53":{"start":{"line":150,"column":11},"end":{"line":150,"column":118}},"54":{"start":{"line":150,"column":97},"end":{"line":150,"column":118}},"55":{"start":{"line":153,"column":17},"end":{"line":153,"column":21}},"56":{"start":{"line":154,"column":6},"end":{"line":165,"column":80}},"57":{"start":{"line":154,"column":61},"end":{"line":154,"column":73}},"58":{"start":{"line":155,"column":11},"end":{"line":165,"column":80}},"59":{"start":{"line":155,"column":67},"end":{"line":155,"column":79}},"60":{"start":{"line":156,"column":11},"end":{"line":165,"column":80}},"61":{"start":{"line":156,"column":67},"end":{"line":156,"column":79}},"62":{"start":{"line":157,"column":11},"end":{"line":165,"column":80}},"63":{"start":{"line":157,"column":69},"end":{"line":157,"column":81}},"64":{"start":{"line":158,"column":11},"end":{"line":165,"column":80}},"65":{"start":{"line":158,"column":70},"end":{"line":158,"column":82}},"66":{"start":{"line":159,"column":11},"end":{"line":165,"column":80}},"67":{"start":{"line":159,"column":43},"end":{"line":159,"column":55}},"68":{"start":{"line":160,"column":11},"end":{"line":165,"column":80}},"69":{"start":{"line":160,"column":64},"end":{"line":160,"column":77}},"70":{"start":{"line":161,"column":11},"end":{"line":165,"column":80}},"71":{"start":{"line":161,"column":66},"end":{"line":161,"column":78}},"72":{"start":{"line":162,"column":11},"end":{"line":165,"column":80}},"73":{"start":{"line":162,"column":43},"end":{"line":162,"column":55}},"74":{"start":{"line":163,"column":11},"end":{"line":165,"column":80}},"75":{"start":{"line":163,"column":43},"end":{"line":163,"column":54}},"76":{"start":{"line":164,"column":11},"end":{"line":165,"column":80}},"77":{"start":{"line":164,"column":72},"end":{"line":164,"column":85}},"78":{"start":{"line":165,"column":11},"end":{"line":165,"column":80}},"79":{"start":{"line":165,"column":68},"end":{"line":165,"column":80}},"80":{"start":{"line":168,"column":20},"end":{"line":168,"column":22}},"81":{"start":{"line":169,"column":23},"end":{"line":169,"column":82}},"82":{"start":{"line":171,"column":6},"end":{"line":185,"column":8}},"83":{"start":{"line":188,"column":4},"end":{"line":188,"column":27}},"84":{"start":{"line":190,"column":4},"end":{"line":193,"column":7}},"85":{"start":{"line":196,"column":4},"end":{"line":196,"column":59}},"86":{"start":{"line":197,"column":4},"end":{"line":201,"column":7}},"87":{"start":{"line":206,"column":26},"end":{"line":284,"column":1}},"88":{"start":{"line":207,"column":2},"end":{"line":283,"column":3}},"89":{"start":{"line":208,"column":19},"end":{"line":208,"column":42}},"90":{"start":{"line":210,"column":23},"end":{"line":210,"column":33}},"91":{"start":{"line":213,"column":28},"end":{"line":216,"column":5}},"92":{"start":{"line":218,"column":4},"end":{"line":224,"column":5}},"93":{"start":{"line":219,"column":6},"end":{"line":219,"column":29}},"94":{"start":{"line":220,"column":6},"end":{"line":223,"column":9}},"95":{"start":{"line":226,"column":22},"end":{"line":226,"column":48}},"96":{"start":{"line":229,"column":27},"end":{"line":242,"column":19}},"97":{"start":{"line":244,"column":30},"end":{"line":256,"column":19}},"98":{"start":{"line":259,"column":23},"end":{"line":267,"column":9}},"99":{"start":{"line":260,"column":22},"end":{"line":260,"column":57}},"100":{"start":{"line":262,"column":24},"end":{"line":267,"column":7}},"101":{"start":{"line":269,"column":4},"end":{"line":269,"column":27}},"102":{"start":{"line":271,"column":4},"end":{"line":274,"column":7}},"103":{"start":{"line":277,"column":4},"end":{"line":277,"column":60}},"104":{"start":{"line":278,"column":4},"end":{"line":282,"column":7}},"105":{"start":{"line":287,"column":29},"end":{"line":347,"column":1}},"106":{"start":{"line":288,"column":2},"end":{"line":346,"column":3}},"107":{"start":{"line":289,"column":19},"end":{"line":289,"column":42}},"108":{"start":{"line":291,"column":23},"end":{"line":291,"column":33}},"109":{"start":{"line":294,"column":28},"end":{"line":297,"column":5}},"110":{"start":{"line":299,"column":4},"end":{"line":305,"column":5}},"111":{"start":{"line":300,"column":6},"end":{"line":300,"column":29}},"112":{"start":{"line":301,"column":6},"end":{"line":304,"column":9}},"113":{"start":{"line":307,"column":22},"end":{"line":307,"column":48}},"114":{"start":{"line":311,"column":30},"end":{"line":323,"column":19}},"115":{"start":{"line":325,"column":22},"end":{"line":330,"column":7}},"116":{"start":{"line":325,"column":51},"end":{"line":330,"column":5}},"117":{"start":{"line":332,"column":4},"end":{"line":332,"column":27}},"118":{"start":{"line":334,"column":4},"end":{"line":337,"column":7}},"119":{"start":{"line":340,"column":4},"end":{"line":340,"column":63}},"120":{"start":{"line":341,"column":4},"end":{"line":345,"column":7}},"121":{"start":{"line":351,"column":14},"end":{"line":351,"column":24}},"122":{"start":{"line":352,"column":15},"end":{"line":352,"column":29}},"123":{"start":{"line":353,"column":17},"end":{"line":353,"column":27}},"124":{"start":{"line":354,"column":19},"end":{"line":354,"column":51}},"125":{"start":{"line":355,"column":20},"end":{"line":355,"column":57}},"126":{"start":{"line":356,"column":19},"end":{"line":356,"column":61}},"127":{"start":{"line":358,"column":2},"end":{"line":364,"column":3}},"128":{"start":{"line":359,"column":4},"end":{"line":359,"column":37}},"129":{"start":{"line":360,"column":9},"end":{"line":364,"column":3}},"130":{"start":{"line":361,"column":4},"end":{"line":361,"column":36}},"131":{"start":{"line":363,"column":4},"end":{"line":363,"column":34}},"132":{"start":{"line":367,"column":0},"end":{"line":372,"column":2}}},"fnMap":{"0":{"name":"(anonymous_0)","decl":{"start":{"line":4,"column":26},"end":{"line":4,"column":27}},"loc":{"start":{"line":4,"column":46},"end":{"line":97,"column":1}},"line":4},"1":{"name":"(anonymous_1)","decl":{"start":{"line":100,"column":25},"end":{"line":100,"column":26}},"loc":{"start":{"line":100,"column":45},"end":{"line":203,"column":1}},"line":100},"2":{"name":"(anonymous_2)","decl":{"start":{"line":141,"column":43},"end":{"line":141,"column":44}},"loc":{"start":{"line":141,"column":53},"end":{"line":186,"column":5}},"line":141},"3":{"name":"(anonymous_3)","decl":{"start":{"line":206,"column":26},"end":{"line":206,"column":27}},"loc":{"start":{"line":206,"column":46},"end":{"line":284,"column":1}},"line":206},"4":{"name":"(anonymous_4)","decl":{"start":{"line":260,"column":12},"end":{"line":260,"column":13}},"loc":{"start":{"line":260,"column":22},"end":{"line":260,"column":57}},"line":260},"5":{"name":"(anonymous_5)","decl":{"start":{"line":262,"column":11},"end":{"line":262,"column":12}},"loc":{"start":{"line":262,"column":24},"end":{"line":267,"column":7}},"line":262},"6":{"name":"(anonymous_6)","decl":{"start":{"line":287,"column":29},"end":{"line":287,"column":30}},"loc":{"start":{"line":287,"column":49},"end":{"line":347,"column":1}},"line":287},"7":{"name":"(anonymous_7)","decl":{"start":{"line":325,"column":42},"end":{"line":325,"column":43}},"loc":{"start":{"line":325,"column":51},"end":{"line":330,"column":5}},"line":325},"8":{"name":"getTimeAgo","decl":{"start":{"line":350,"column":9},"end":{"line":350,"column":19}},"loc":{"start":{"line":350,"column":26},"end":{"line":365,"column":1}},"line":350}},"branchMap":{"0":{"loc":{"start":{"line":16,"column":4},"end":{"line":22,"column":5}},"type":"if","locations":[{"start":{"line":16,"column":4},"end":{"line":22,"column":5}},{"start":{"line":16,"column":4},"end":{"line":22,"column":5}}],"line":16},"1":{"loc":{"start":{"line":63,"column":6},"end":{"line":71,"column":7}},"type":"if","locations":[{"start":{"line":63,"column":6},"end":{"line":71,"column":7}},{"start":{"line":63,"column":6},"end":{"line":71,"column":7}}],"line":63},"2":{"loc":{"start":{"line":77,"column":24},"end":{"line":77,"column":54}},"type":"binary-expr","locations":[{"start":{"line":77,"column":24},"end":{"line":77,"column":49}},{"start":{"line":77,"column":53},"end":{"line":77,"column":54}}],"line":77},"3":{"loc":{"start":{"line":78,"column":20},"end":{"line":78,"column":46}},"type":"binary-expr","locations":[{"start":{"line":78,"column":20},"end":{"line":78,"column":41}},{"start":{"line":78,"column":45},"end":{"line":78,"column":46}}],"line":78},"4":{"loc":{"start":{"line":79,"column":31},"end":{"line":79,"column":57}},"type":"binary-expr","locations":[{"start":{"line":79,"column":31},"end":{"line":79,"column":52}},{"start":{"line":79,"column":56},"end":{"line":79,"column":57}}],"line":79},"5":{"loc":{"start":{"line":81,"column":29},"end":{"line":81,"column":60}},"type":"binary-expr","locations":[{"start":{"line":81,"column":29},"end":{"line":81,"column":55}},{"start":{"line":81,"column":59},"end":{"line":81,"column":60}}],"line":81},"6":{"loc":{"start":{"line":112,"column":4},"end":{"line":118,"column":5}},"type":"if","locations":[{"start":{"line":112,"column":4},"end":{"line":118,"column":5}},{"start":{"line":112,"column":4},"end":{"line":118,"column":5}}],"line":112},"7":{"loc":{"start":{"line":145,"column":6},"end":{"line":150,"column":118}},"type":"if","locations":[{"start":{"line":145,"column":6},"end":{"line":150,"column":118}},{"start":{"line":145,"column":6},"end":{"line":150,"column":118}}],"line":145},"8":{"loc":{"start":{"line":145,"column":10},"end":{"line":145,"column":59}},"type":"binary-expr","locations":[{"start":{"line":145,"column":10},"end":{"line":145,"column":33}},{"start":{"line":145,"column":37},"end":{"line":145,"column":59}}],"line":145},"9":{"loc":{"start":{"line":146,"column":11},"end":{"line":150,"column":118}},"type":"if","locations":[{"start":{"line":146,"column":11},"end":{"line":150,"column":118}},{"start":{"line":146,"column":11},"end":{"line":150,"column":118}}],"line":146},"10":{"loc":{"start":{"line":146,"column":15},"end":{"line":146,"column":69}},"type":"binary-expr","locations":[{"start":{"line":146,"column":15},"end":{"line":146,"column":39}},{"start":{"line":146,"column":43},"end":{"line":146,"column":69}}],"line":146},"11":{"loc":{"start":{"line":147,"column":11},"end":{"line":150,"column":118}},"type":"if","locations":[{"start":{"line":147,"column":11},"end":{"line":150,"column":118}},{"start":{"line":147,"column":11},"end":{"line":150,"column":118}}],"line":147},"12":{"loc":{"start":{"line":147,"column":15},"end":{"line":147,"column":65}},"type":"binary-expr","locations":[{"start":{"line":147,"column":15},"end":{"line":147,"column":40}},{"start":{"line":147,"column":44},"end":{"line":147,"column":65}}],"line":147},"13":{"loc":{"start":{"line":148,"column":11},"end":{"line":150,"column":118}},"type":"if","locations":[{"start":{"line":148,"column":11},"end":{"line":150,"column":118}},{"start":{"line":148,"column":11},"end":{"line":150,"column":118}}],"line":148},"14":{"loc":{"start":{"line":148,"column":15},"end":{"line":148,"column":67}},"type":"binary-expr","locations":[{"start":{"line":148,"column":15},"end":{"line":148,"column":40}},{"start":{"line":148,"column":44},"end":{"line":148,"column":67}}],"line":148},"15":{"loc":{"start":{"line":149,"column":11},"end":{"line":150,"column":118}},"type":"if","locations":[{"start":{"line":149,"column":11},"end":{"line":150,"column":118}},{"start":{"line":149,"column":11},"end":{"line":150,"column":118}}],"line":149},"16":{"loc":{"start":{"line":149,"column":15},"end":{"line":149,"column":68}},"type":"binary-expr","locations":[{"start":{"line":149,"column":15},"end":{"line":149,"column":43}},{"start":{"line":149,"column":47},"end":{"line":149,"column":68}}],"line":149},"17":{"loc":{"start":{"line":150,"column":11},"end":{"line":150,"column":118}},"type":"if","locations":[{"start":{"line":150,"column":11},"end":{"line":150,"column":118}},{"start":{"line":150,"column":11},"end":{"line":150,"column":118}}],"line":150},"18":{"loc":{"start":{"line":150,"column":15},"end":{"line":150,"column":95}},"type":"binary-expr","locations":[{"start":{"line":150,"column":15},"end":{"line":150,"column":38}},{"start":{"line":150,"column":42},"end":{"line":150,"column":67}},{"start":{"line":150,"column":71},"end":{"line":150,"column":95}}],"line":150},"19":{"loc":{"start":{"line":154,"column":6},"end":{"line":165,"column":80}},"type":"if","locations":[{"start":{"line":154,"column":6},"end":{"line":165,"column":80}},{"start":{"line":154,"column":6},"end":{"line":165,"column":80}}],"line":154},"20":{"loc":{"start":{"line":154,"column":10},"end":{"line":154,"column":59}},"type":"binary-expr","locations":[{"start":{"line":154,"column":10},"end":{"line":154,"column":33}},{"start":{"line":154,"column":37},"end":{"line":154,"column":59}}],"line":154},"21":{"loc":{"start":{"line":155,"column":11},"end":{"line":165,"column":80}},"type":"if","locations":[{"start":{"line":155,"column":11},"end":{"line":165,"column":80}},{"start":{"line":155,"column":11},"end":{"line":165,"column":80}}],"line":155},"22":{"loc":{"start":{"line":155,"column":15},"end":{"line":155,"column":65}},"type":"binary-expr","locations":[{"start":{"line":155,"column":15},"end":{"line":155,"column":39}},{"start":{"line":155,"column":43},"end":{"line":155,"column":65}}],"line":155},"23":{"loc":{"start":{"line":156,"column":11},"end":{"line":165,"column":80}},"type":"if","locations":[{"start":{"line":156,"column":11},"end":{"line":165,"column":80}},{"start":{"line":156,"column":11},"end":{"line":165,"column":80}}],"line":156},"24":{"loc":{"start":{"line":156,"column":15},"end":{"line":156,"column":65}},"type":"binary-expr","locations":[{"start":{"line":156,"column":15},"end":{"line":156,"column":40}},{"start":{"line":156,"column":44},"end":{"line":156,"column":65}}],"line":156},"25":{"loc":{"start":{"line":157,"column":11},"end":{"line":165,"column":80}},"type":"if","locations":[{"start":{"line":157,"column":11},"end":{"line":165,"column":80}},{"start":{"line":157,"column":11},"end":{"line":165,"column":80}}],"line":157},"26":{"loc":{"start":{"line":157,"column":15},"end":{"line":157,"column":67}},"type":"binary-expr","locations":[{"start":{"line":157,"column":15},"end":{"line":157,"column":40}},{"start":{"line":157,"column":44},"end":{"line":157,"column":67}}],"line":157},"27":{"loc":{"start":{"line":158,"column":11},"end":{"line":165,"column":80}},"type":"if","locations":[{"start":{"line":158,"column":11},"end":{"line":165,"column":80}},{"start":{"line":158,"column":11},"end":{"line":165,"column":80}}],"line":158},"28":{"loc":{"start":{"line":158,"column":15},"end":{"line":158,"column":68}},"type":"binary-expr","locations":[{"start":{"line":158,"column":15},"end":{"line":158,"column":43}},{"start":{"line":158,"column":47},"end":{"line":158,"column":68}}],"line":158},"29":{"loc":{"start":{"line":159,"column":11},"end":{"line":165,"column":80}},"type":"if","locations":[{"start":{"line":159,"column":11},"end":{"line":165,"column":80}},{"start":{"line":159,"column":11},"end":{"line":165,"column":80}}],"line":159},"30":{"loc":{"start":{"line":160,"column":11},"end":{"line":165,"column":80}},"type":"if","locations":[{"start":{"line":160,"column":11},"end":{"line":165,"column":80}},{"start":{"line":160,"column":11},"end":{"line":165,"column":80}}],"line":160},"31":{"loc":{"start":{"line":160,"column":15},"end":{"line":160,"column":62}},"type":"binary-expr","locations":[{"start":{"line":160,"column":15},"end":{"line":160,"column":38}},{"start":{"line":160,"column":42},"end":{"line":160,"column":62}}],"line":160},"32":{"loc":{"start":{"line":161,"column":11},"end":{"line":165,"column":80}},"type":"if","locations":[{"start":{"line":161,"column":11},"end":{"line":165,"column":80}},{"start":{"line":161,"column":11},"end":{"line":165,"column":80}}],"line":161},"33":{"loc":{"start":{"line":161,"column":15},"end":{"line":161,"column":64}},"type":"binary-expr","locations":[{"start":{"line":161,"column":15},"end":{"line":161,"column":40}},{"start":{"line":161,"column":44},"end":{"line":161,"column":64}}],"line":161},"34":{"loc":{"start":{"line":162,"column":11},"end":{"line":165,"column":80}},"type":"if","locations":[{"start":{"line":162,"column":11},"end":{"line":165,"column":80}},{"start":{"line":162,"column":11},"end":{"line":165,"column":80}}],"line":162},"35":{"loc":{"start":{"line":163,"column":11},"end":{"line":165,"column":80}},"type":"if","locations":[{"start":{"line":163,"column":11},"end":{"line":165,"column":80}},{"start":{"line":163,"column":11},"end":{"line":165,"column":80}}],"line":163},"36":{"loc":{"start":{"line":164,"column":11},"end":{"line":165,"column":80}},"type":"if","locations":[{"start":{"line":164,"column":11},"end":{"line":165,"column":80}},{"start":{"line":164,"column":11},"end":{"line":165,"column":80}}],"line":164},"37":{"loc":{"start":{"line":164,"column":15},"end":{"line":164,"column":70}},"type":"binary-expr","locations":[{"start":{"line":164,"column":15},"end":{"line":164,"column":45}},{"start":{"line":164,"column":49},"end":{"line":164,"column":70}}],"line":164},"38":{"loc":{"start":{"line":165,"column":11},"end":{"line":165,"column":80}},"type":"if","locations":[{"start":{"line":165,"column":11},"end":{"line":165,"column":80}},{"start":{"line":165,"column":11},"end":{"line":165,"column":80}}],"line":165},"39":{"loc":{"start":{"line":165,"column":15},"end":{"line":165,"column":66}},"type":"binary-expr","locations":[{"start":{"line":165,"column":15},"end":{"line":165,"column":39}},{"start":{"line":165,"column":43},"end":{"line":165,"column":66}}],"line":165},"40":{"loc":{"start":{"line":177,"column":18},"end":{"line":177,"column":38}},"type":"binary-expr","locations":[{"start":{"line":177,"column":18},"end":{"line":177,"column":33}},{"start":{"line":177,"column":37},"end":{"line":177,"column":38}}],"line":177},"41":{"loc":{"start":{"line":178,"column":16},"end":{"line":178,"column":46}},"type":"binary-expr","locations":[{"start":{"line":178,"column":16},"end":{"line":178,"column":29}},{"start":{"line":178,"column":33},"end":{"line":178,"column":46}}],"line":178},"42":{"loc":{"start":{"line":183,"column":36},"end":{"line":183,"column":56}},"type":"binary-expr","locations":[{"start":{"line":183,"column":36},"end":{"line":183,"column":51}},{"start":{"line":183,"column":55},"end":{"line":183,"column":56}}],"line":183},"43":{"loc":{"start":{"line":184,"column":20},"end":{"line":184,"column":42}},"type":"binary-expr","locations":[{"start":{"line":184,"column":20},"end":{"line":184,"column":37}},{"start":{"line":184,"column":41},"end":{"line":184,"column":42}}],"line":184},"44":{"loc":{"start":{"line":218,"column":4},"end":{"line":224,"column":5}},"type":"if","locations":[{"start":{"line":218,"column":4},"end":{"line":224,"column":5}},{"start":{"line":218,"column":4},"end":{"line":224,"column":5}}],"line":218},"45":{"loc":{"start":{"line":299,"column":4},"end":{"line":305,"column":5}},"type":"if","locations":[{"start":{"line":299,"column":4},"end":{"line":305,"column":5}},{"start":{"line":299,"column":4},"end":{"line":305,"column":5}}],"line":299},"46":{"loc":{"start":{"line":358,"column":2},"end":{"line":364,"column":3}},"type":"if","locations":[{"start":{"line":358,"column":2},"end":{"line":364,"column":3}},{"start":{"line":358,"column":2},"end":{"line":364,"column":3}}],"line":358},"47":{"loc":{"start":{"line":360,"column":9},"end":{"line":364,"column":3}},"type":"if","locations":[{"start":{"line":360,"column":9},"end":{"line":364,"column":3}},{"start":{"line":360,"column":9},"end":{"line":364,"column":3}}],"line":360}},"s":{"0":1,"1":1,"2":0,"3":0,"4":0,"5":0,"6":0,"7":0,"8":0,"9":0,"10":0,"11":0,"12":0,"13":0,"14":0,"15":0,"16":0,"17":0,"18":0,"19":0,"20":0,"21":0,"22":0,"23":0,"24":0,"25":0,"26":0,"27":0,"28":0,"29":0,"30":1,"31":0,"32":0,"33":0,"34":0,"35":0,"36":0,"37":0,"38":0,"39":0,"40":0,"41":0,"42":0,"43":0,"44":0,"45":0,"46":0,"47":0,"48":0,"49":0,"50":0,"51":0,"52":0,"53":0,"54":0,"55":0,"56":0,"57":0,"58":0,"59":0,"60":0,"61":0,"62":0,"63":0,"64":0,"65":0,"66":0,"67":0,"68":0,"69":0,"70":0,"71":0,"72":0,"73":0,"74":0,"75":0,"76":0,"77":0,"78":0,"79":0,"80":0,"81":0,"82":0,"83":0,"84":0,"85":0,"86":0,"87":1,"88":0,"89":0,"90":0,"91":0,"92":0,"93":0,"94":0,"95":0,"96":0,"97":0,"98":0,"99":0,"100":0,"101":0,"102":0,"103":0,"104":0,"105":1,"106":0,"107":0,"108":0,"109":0,"110":0,"111":0,"112":0,"113":0,"114":0,"115":0,"116":0,"117":0,"118":0,"119":0,"120":0,"121":0,"122":0,"123":0,"124":0,"125":0,"126":0,"127":0,"128":0,"129":0,"130":0,"131":0,"132":1},"f":{"0":0,"1":0,"2":0,"3":0,"4":0,"5":0,"6":0,"7":0,"8":0},"b":{"0":[0,0],"1":[0,0],"2":[0,0],"3":[0,0],"4":[0,0],"5":[0,0],"6":[0,0],"7":[0,0],"8":[0,0],"9":[0,0],"10":[0,0],"11":[0,0],"12":[0,0],"13":[0,0],"14":[0,0],"15":[0,0],"16":[0,0],"17":[0,0],"18":[0,0,0],"19":[0,0],"20":[0,0],"21":[0,0],"22":[0,0],"23":[0,0],"24":[0,0],"25":[0,0],"26":[0,0],"27":[0,0],"28":[0,0],"29":[0,0],"30":[0,0],"31":[0,0],"32":[0,0],"33":[0,0],"34":[0,0],"35":[0,0],"36":[0,0],"37":[0,0],"38":[0,0],"39":[0,0],"40":[0,0],"41":[0,0],"42":[0,0],"43":[0,0],"44":[0,0],"45":[0,0],"46":[0,0],"47":[0,0]},"_coverageSchema":"1a1c01bbd47fc00a2c39e90264f33305004495a9","hash":"3c3b8362b66068610585be1369ef89fd70f9b911","contentHash":"a011f177ddc7835167d3b39dd9f2cae624ebbc14566f1c84234b9e03d75822c6"},"D:\\VRMTS\\backend\\src\\routes\\instructorDashboard.routes.js":{"path":"D:\\VRMTS\\backend\\src\\routes\\instructorDashboard.routes.js","statementMap":{"0":{"start":{"line":1,"column":16},"end":{"line":1,"column":34}},"1":{"start":{"line":2,"column":15},"end":{"line":2,"column":31}},"2":{"start":{"line":3,"column":38},"end":{"line":3,"column":94}},"3":{"start":{"line":4,"column":23},"end":{"line":4,"column":63}},"4":{"start":{"line":7,"column":0},"end":{"line":7,"column":27}},"5":{"start":{"line":9,"column":0},"end":{"line":9,"column":72}},"6":{"start":{"line":10,"column":0},"end":{"line":10,"column":86}},"7":{"start":{"line":11,"column":0},"end":{"line":11,"column":86}},"8":{"start":{"line":12,"column":0},"end":{"line":12,"column":81}},"9":{"start":{"line":13,"column":0},"end":{"line":13,"column":78}},"10":{"start":{"line":14,"column":0},"end":{"line":14,"column":86}},"11":{"start":{"line":15,"column":0},"end":{"line":15,"column":72}},"12":{"start":{"line":16,"column":0},"end":{"line":16,"column":83}},"13":{"start":{"line":17,"column":0},"end":{"line":17,"column":87}},"14":{"start":{"line":18,"column":0},"end":{"line":18,"column":86}},"15":{"start":{"line":19,"column":0},"end":{"line":19,"column":91}},"16":{"start":{"line":20,"column":0},"end":{"line":20,"column":95}},"17":{"start":{"line":21,"column":0},"end":{"line":21,"column":80}},"18":{"start":{"line":23,"column":0},"end":{"line":23,"column":24}}},"fnMap":{},"branchMap":{},"s":{"0":1,"1":1,"2":1,"3":1,"4":1,"5":1,"6":1,"7":1,"8":1,"9":1,"10":1,"11":1,"12":1,"13":1,"14":1,"15":1,"16":1,"17":1,"18":1},"f":{},"b":{},"_coverageSchema":"1a1c01bbd47fc00a2c39e90264f33305004495a9","hash":"b2111c2921d26162ab90a1eff764acce9bba3282","contentHash":"b1ff48cdc135bcc490d1be941dfa32ec1188f4f8bc4d3863b7dfb0a4ef1ea796"},"D:\\VRMTS\\backend\\src\\controllers\\instructorDashboard.controller.js":{"path":"D:\\VRMTS\\backend\\src\\controllers\\instructorDashboard.controller.js","statementMap":{"0":{"start":{"line":1,"column":11},"end":{"line":1,"column":34}},"1":{"start":{"line":4,"column":22},"end":{"line":85,"column":1}},"2":{"start":{"line":6,"column":2},"end":{"line":84,"column":3}},"3":{"start":{"line":7,"column":22},"end":{"line":7,"column":48}},"4":{"start":{"line":8,"column":4},"end":{"line":10,"column":5}},"5":{"start":{"line":9,"column":6},"end":{"line":9,"column":98}},"6":{"start":{"line":12,"column":4},"end":{"line":12,"column":28}},"7":{"start":{"line":15,"column":34},"end":{"line":18,"column":5}},"8":{"start":{"line":21,"column":35},"end":{"line":26,"column":19}},"9":{"start":{"line":29,"column":36},"end":{"line":32,"column":5}},"10":{"start":{"line":35,"column":33},"end":{"line":37,"column":5}},"11":{"start":{"line":40,"column":27},"end":{"line":61,"column":19}},"12":{"start":{"line":63,"column":4},"end":{"line":63,"column":27}},"13":{"start":{"line":65,"column":4},"end":{"line":74,"column":7}},"14":{"start":{"line":77,"column":4},"end":{"line":77,"column":52}},"15":{"start":{"line":78,"column":4},"end":{"line":78,"column":59}},"16":{"start":{"line":78,"column":20},"end":{"line":78,"column":59}},"17":{"start":{"line":79,"column":4},"end":{"line":83,"column":7}},"18":{"start":{"line":88,"column":29},"end":{"line":161,"column":1}},"19":{"start":{"line":90,"column":2},"end":{"line":160,"column":3}},"20":{"start":{"line":91,"column":22},"end":{"line":91,"column":48}},"21":{"start":{"line":92,"column":4},"end":{"line":94,"column":5}},"22":{"start":{"line":93,"column":6},"end":{"line":93,"column":98}},"23":{"start":{"line":96,"column":4},"end":{"line":96,"column":28}},"24":{"start":{"line":98,"column":32},"end":{"line":115,"column":19}},"25":{"start":{"line":117,"column":34},"end":{"line":120,"column":5}},"26":{"start":{"line":121,"column":26},"end":{"line":121,"column":60}},"27":{"start":{"line":123,"column":4},"end":{"line":123,"column":27}},"28":{"start":{"line":125,"column":24},"end":{"line":144,"column":6}},"29":{"start":{"line":126,"column":23},"end":{"line":126,"column":55}},"30":{"start":{"line":127,"column":24},"end":{"line":127,"column":55}},"31":{"start":{"line":128,"column":23},"end":{"line":128,"column":71}},"32":{"start":{"line":130,"column":19},"end":{"line":130,"column":28}},"33":{"start":{"line":131,"column":6},"end":{"line":135,"column":45}},"34":{"start":{"line":131,"column":26},"end":{"line":131,"column":47}},"35":{"start":{"line":132,"column":11},"end":{"line":135,"column":45}},"36":{"start":{"line":132,"column":31},"end":{"line":132,"column":47}},"37":{"start":{"line":133,"column":11},"end":{"line":135,"column":45}},"38":{"start":{"line":133,"column":31},"end":{"line":133,"column":50}},"39":{"start":{"line":134,"column":11},"end":{"line":135,"column":45}},"40":{"start":{"line":134,"column":31},"end":{"line":134,"column":58}},"41":{"start":{"line":135,"column":11},"end":{"line":135,"column":45}},"42":{"start":{"line":135,"column":29},"end":{"line":135,"column":45}},"43":{"start":{"line":137,"column":6},"end":{"line":143,"column":8}},"44":{"start":{"line":146,"column":4},"end":{"line":150,"column":7}},"45":{"start":{"line":153,"column":4},"end":{"line":153,"column":59}},"46":{"start":{"line":154,"column":4},"end":{"line":154,"column":59}},"47":{"start":{"line":154,"column":20},"end":{"line":154,"column":59}},"48":{"start":{"line":155,"column":4},"end":{"line":159,"column":7}},"49":{"start":{"line":164,"column":29},"end":{"line":226,"column":1}},"50":{"start":{"line":166,"column":2},"end":{"line":225,"column":3}},"51":{"start":{"line":167,"column":22},"end":{"line":167,"column":48}},"52":{"start":{"line":168,"column":4},"end":{"line":170,"column":5}},"53":{"start":{"line":169,"column":6},"end":{"line":169,"column":98}},"54":{"start":{"line":172,"column":4},"end":{"line":172,"column":28}},"55":{"start":{"line":174,"column":26},"end":{"line":191,"column":19}},"56":{"start":{"line":193,"column":4},"end":{"line":193,"column":27}},"57":{"start":{"line":195,"column":30},"end":{"line":210,"column":6}},"58":{"start":{"line":196,"column":20},"end":{"line":196,"column":53}},"59":{"start":{"line":197,"column":19},"end":{"line":197,"column":28}},"60":{"start":{"line":198,"column":6},"end":{"line":201,"column":27}},"61":{"start":{"line":198,"column":23},"end":{"line":198,"column":44}},"62":{"start":{"line":199,"column":11},"end":{"line":201,"column":27}},"63":{"start":{"line":199,"column":28},"end":{"line":199,"column":44}},"64":{"start":{"line":200,"column":11},"end":{"line":201,"column":27}},"65":{"start":{"line":200,"column":28},"end":{"line":200,"column":52}},"66":{"start":{"line":201,"column":11},"end":{"line":201,"column":27}},"67":{"start":{"line":203,"column":6},"end":{"line":209,"column":8}},"68":{"start":{"line":212,"column":4},"end":{"line":215,"column":7}},"69":{"start":{"line":218,"column":4},"end":{"line":218,"column":59}},"70":{"start":{"line":219,"column":4},"end":{"line":219,"column":59}},"71":{"start":{"line":219,"column":20},"end":{"line":219,"column":59}},"72":{"start":{"line":220,"column":4},"end":{"line":224,"column":7}},"73":{"start":{"line":229,"column":26},"end":{"line":318,"column":1}},"74":{"start":{"line":231,"column":2},"end":{"line":317,"column":3}},"75":{"start":{"line":232,"column":22},"end":{"line":232,"column":48}},"76":{"start":{"line":233,"column":4},"end":{"line":235,"column":5}},"77":{"start":{"line":234,"column":6},"end":{"line":234,"column":98}},"78":{"start":{"line":237,"column":4},"end":{"line":237,"column":28}},"79":{"start":{"line":239,"column":29},"end":{"line":273,"column":19}},"80":{"start":{"line":275,"column":4},"end":{"line":275,"column":27}},"81":{"start":{"line":277,"column":21},"end":{"line":302,"column":6}},"82":{"start":{"line":278,"column":23},"end":{"line":278,"column":56}},"83":{"start":{"line":279,"column":30},"end":{"line":279,"column":68}},"84":{"start":{"line":280,"column":25},"end":{"line":280,"column":86}},"85":{"start":{"line":282,"column":17},"end":{"line":282,"column":25}},"86":{"start":{"line":283,"column":6},"end":{"line":285,"column":24}},"87":{"start":{"line":283,"column":67},"end":{"line":283,"column":81}},"88":{"start":{"line":284,"column":11},"end":{"line":285,"column":24}},"89":{"start":{"line":284,"column":72},"end":{"line":284,"column":88}},"90":{"start":{"line":285,"column":11},"end":{"line":285,"column":24}},"91":{"start":{"line":287,"column":23},"end":{"line":292,"column":32}},"92":{"start":{"line":289,"column":18},"end":{"line":289,"column":22}},"93":{"start":{"line":294,"column":6},"end":{"line":301,"column":8}},"94":{"start":{"line":304,"column":4},"end":{"line":307,"column":7}},"95":{"start":{"line":310,"column":4},"end":{"line":310,"column":56}},"96":{"start":{"line":311,"column":4},"end":{"line":311,"column":59}},"97":{"start":{"line":311,"column":20},"end":{"line":311,"column":59}},"98":{"start":{"line":312,"column":4},"end":{"line":316,"column":7}},"99":{"start":{"line":321,"column":25},"end":{"line":387,"column":1}},"100":{"start":{"line":323,"column":2},"end":{"line":386,"column":3}},"101":{"start":{"line":324,"column":22},"end":{"line":324,"column":48}},"102":{"start":{"line":325,"column":4},"end":{"line":327,"column":5}},"103":{"start":{"line":326,"column":6},"end":{"line":326,"column":98}},"104":{"start":{"line":329,"column":4},"end":{"line":329,"column":28}},"105":{"start":{"line":331,"column":28},"end":{"line":346,"column":19}},"106":{"start":{"line":348,"column":4},"end":{"line":348,"column":27}},"107":{"start":{"line":350,"column":23},"end":{"line":371,"column":6}},"108":{"start":{"line":351,"column":23},"end":{"line":351,"column":56}},"109":{"start":{"line":352,"column":22},"end":{"line":352,"column":52}},"110":{"start":{"line":354,"column":23},"end":{"line":359,"column":32}},"111":{"start":{"line":356,"column":18},"end":{"line":356,"column":22}},"112":{"start":{"line":361,"column":21},"end":{"line":361,"column":45}},"113":{"start":{"line":362,"column":20},"end":{"line":362,"column":40}},"114":{"start":{"line":364,"column":6},"end":{"line":370,"column":8}},"115":{"start":{"line":373,"column":4},"end":{"line":376,"column":7}},"116":{"start":{"line":379,"column":4},"end":{"line":379,"column":55}},"117":{"start":{"line":380,"column":4},"end":{"line":380,"column":59}},"118":{"start":{"line":380,"column":20},"end":{"line":380,"column":59}},"119":{"start":{"line":381,"column":4},"end":{"line":385,"column":7}},"120":{"start":{"line":390,"column":29},"end":{"line":455,"column":1}},"121":{"start":{"line":392,"column":2},"end":{"line":454,"column":3}},"122":{"start":{"line":393,"column":22},"end":{"line":393,"column":48}},"123":{"start":{"line":394,"column":4},"end":{"line":396,"column":5}},"124":{"start":{"line":395,"column":6},"end":{"line":395,"column":98}},"125":{"start":{"line":398,"column":4},"end":{"line":398,"column":28}},"126":{"start":{"line":400,"column":24},"end":{"line":417,"column":19}},"127":{"start":{"line":419,"column":4},"end":{"line":419,"column":27}},"128":{"start":{"line":421,"column":30},"end":{"line":439,"column":30}},"129":{"start":{"line":423,"column":8},"end":{"line":423,"column":43}},"130":{"start":{"line":423,"column":31},"end":{"line":423,"column":43}},"131":{"start":{"line":424,"column":8},"end":{"line":437,"column":9}},"132":{"start":{"line":425,"column":26},"end":{"line":425,"column":52}},"133":{"start":{"line":426,"column":10},"end":{"line":426,"column":52}},"134":{"start":{"line":426,"column":40},"end":{"line":426,"column":52}},"135":{"start":{"line":427,"column":24},"end":{"line":427,"column":77}},"136":{"start":{"line":428,"column":22},"end":{"line":428,"column":39}},"137":{"start":{"line":429,"column":10},"end":{"line":434,"column":12}},"138":{"start":{"line":436,"column":10},"end":{"line":436,"column":22}},"139":{"start":{"line":439,"column":19},"end":{"line":439,"column":29}},"140":{"start":{"line":441,"column":4},"end":{"line":444,"column":7}},"141":{"start":{"line":447,"column":4},"end":{"line":447,"column":59}},"142":{"start":{"line":448,"column":4},"end":{"line":448,"column":59}},"143":{"start":{"line":448,"column":20},"end":{"line":448,"column":59}},"144":{"start":{"line":449,"column":4},"end":{"line":453,"column":7}},"145":{"start":{"line":459,"column":2},"end":{"line":459,"column":30}},"146":{"start":{"line":459,"column":13},"end":{"line":459,"column":30}},"147":{"start":{"line":460,"column":2},"end":{"line":478,"column":3}},"148":{"start":{"line":461,"column":16},"end":{"line":461,"column":26}},"149":{"start":{"line":462,"column":17},"end":{"line":462,"column":31}},"150":{"start":{"line":463,"column":4},"end":{"line":463,"column":48}},"151":{"start":{"line":463,"column":31},"end":{"line":463,"column":48}},"152":{"start":{"line":465,"column":19},"end":{"line":465,"column":29}},"153":{"start":{"line":466,"column":21},"end":{"line":466,"column":53}},"154":{"start":{"line":467,"column":22},"end":{"line":467,"column":59}},"155":{"start":{"line":468,"column":21},"end":{"line":468,"column":63}},"156":{"start":{"line":470,"column":4},"end":{"line":470,"column":40}},"157":{"start":{"line":470,"column":22},"end":{"line":470,"column":40}},"158":{"start":{"line":471,"column":4},"end":{"line":471,"column":83}},"159":{"start":{"line":471,"column":23},"end":{"line":471,"column":83}},"160":{"start":{"line":472,"column":4},"end":{"line":472,"column":88}},"161":{"start":{"line":472,"column":24},"end":{"line":472,"column":88}},"162":{"start":{"line":473,"column":4},"end":{"line":473,"column":82}},"163":{"start":{"line":473,"column":22},"end":{"line":473,"column":82}},"164":{"start":{"line":474,"column":18},"end":{"line":474,"column":42}},"165":{"start":{"line":475,"column":4},"end":{"line":475,"column":60}},"166":{"start":{"line":477,"column":4},"end":{"line":477,"column":21}},"167":{"start":{"line":482,"column":22},"end":{"line":514,"column":1}},"168":{"start":{"line":484,"column":2},"end":{"line":513,"column":3}},"169":{"start":{"line":485,"column":22},"end":{"line":485,"column":48}},"170":{"start":{"line":486,"column":4},"end":{"line":488,"column":5}},"171":{"start":{"line":487,"column":6},"end":{"line":487,"column":98}},"172":{"start":{"line":490,"column":4},"end":{"line":490,"column":28}},"173":{"start":{"line":491,"column":23},"end":{"line":505,"column":19}},"174":{"start":{"line":507,"column":4},"end":{"line":507,"column":27}},"175":{"start":{"line":508,"column":4},"end":{"line":508,"column":48}},"176":{"start":{"line":510,"column":4},"end":{"line":510,"column":52}},"177":{"start":{"line":511,"column":4},"end":{"line":511,"column":59}},"178":{"start":{"line":511,"column":20},"end":{"line":511,"column":59}},"179":{"start":{"line":512,"column":4},"end":{"line":512,"column":69}},"180":{"start":{"line":517,"column":30},"end":{"line":556,"column":1}},"181":{"start":{"line":519,"column":2},"end":{"line":555,"column":3}},"182":{"start":{"line":520,"column":22},"end":{"line":520,"column":48}},"183":{"start":{"line":521,"column":4},"end":{"line":523,"column":5}},"184":{"start":{"line":522,"column":6},"end":{"line":522,"column":98}},"185":{"start":{"line":525,"column":36},"end":{"line":525,"column":44}},"186":{"start":{"line":526,"column":4},"end":{"line":528,"column":5}},"187":{"start":{"line":527,"column":6},"end":{"line":527,"column":104}},"188":{"start":{"line":530,"column":4},"end":{"line":530,"column":28}},"189":{"start":{"line":533,"column":27},"end":{"line":536,"column":5}},"190":{"start":{"line":538,"column":4},"end":{"line":541,"column":5}},"191":{"start":{"line":539,"column":6},"end":{"line":539,"column":29}},"192":{"start":{"line":540,"column":6},"end":{"line":540,"column":115}},"193":{"start":{"line":544,"column":4},"end":{"line":547,"column":6}},"194":{"start":{"line":549,"column":4},"end":{"line":549,"column":27}},"195":{"start":{"line":550,"column":4},"end":{"line":550,"column":73}},"196":{"start":{"line":552,"column":4},"end":{"line":552,"column":60}},"197":{"start":{"line":553,"column":4},"end":{"line":553,"column":59}},"198":{"start":{"line":553,"column":20},"end":{"line":553,"column":59}},"199":{"start":{"line":554,"column":4},"end":{"line":554,"column":69}},"200":{"start":{"line":559,"column":28},"end":{"line":601,"column":1}},"201":{"start":{"line":561,"column":2},"end":{"line":600,"column":3}},"202":{"start":{"line":562,"column":22},"end":{"line":562,"column":48}},"203":{"start":{"line":563,"column":4},"end":{"line":565,"column":5}},"204":{"start":{"line":564,"column":6},"end":{"line":564,"column":98}},"205":{"start":{"line":567,"column":36},"end":{"line":567,"column":44}},"206":{"start":{"line":568,"column":4},"end":{"line":570,"column":5}},"207":{"start":{"line":569,"column":6},"end":{"line":569,"column":104}},"208":{"start":{"line":572,"column":4},"end":{"line":572,"column":28}},"209":{"start":{"line":575,"column":23},"end":{"line":578,"column":5}},"210":{"start":{"line":580,"column":4},"end":{"line":583,"column":5}},"211":{"start":{"line":581,"column":6},"end":{"line":581,"column":29}},"212":{"start":{"line":582,"c
[...]
:5}},{"start":{"line":149,"column":4},"end":{"line":152,"column":5}}],"line":149},"6":{"loc":{"start":{"line":172,"column":4},"end":{"line":174,"column":5}},"type":"if","locations":[{"start":{"line":172,"column":4},"end":{"line":174,"column":5}},{"start":{"line":172,"column":4},"end":{"line":174,"column":5}}],"line":172},"7":{"loc":{"start":{"line":204,"column":17},"end":{"line":204,"column":34}},"type":"binary-expr","locations":[{"start":{"line":204,"column":17},"end":{"line":204,"column":28}},{"start":{"line":204,"column":32},"end":{"line":204,"column":34}}],"line":204},"8":{"loc":{"start":{"line":205,"column":24},"end":{"line":205,"column":41}},"type":"binary-expr","locations":[{"start":{"line":205,"column":24},"end":{"line":205,"column":35}},{"start":{"line":205,"column":39},"end":{"line":205,"column":41}}],"line":205},"9":{"loc":{"start":{"line":206,"column":26},"end":{"line":206,"column":42}},"type":"binary-expr","locations":[{"start":{"line":206,"column":26},"end":{"line":206,"column":36}},{"start":{"line":206,"column":40},"end":{"line":206,"column":42}}],"line":206},"10":{"loc":{"start":{"line":207,"column":26},"end":{"line":207,"column":44}},"type":"binary-expr","locations":[{"start":{"line":207,"column":26},"end":{"line":207,"column":38}},{"start":{"line":207,"column":42},"end":{"line":207,"column":44}}],"line":207},"11":{"loc":{"start":{"line":211,"column":19},"end":{"line":211,"column":59}},"type":"cond-expr","locations":[{"start":{"line":211,"column":31},"end":{"line":211,"column":54}},{"start":{"line":211,"column":57},"end":{"line":211,"column":59}}],"line":211},"12":{"loc":{"start":{"line":212,"column":18},"end":{"line":212,"column":74}},"type":"cond-expr","locations":[{"start":{"line":212,"column":30},"end":{"line":212,"column":69}},{"start":{"line":212,"column":72},"end":{"line":212,"column":74}}],"line":212}},"s":{"0":1,"1":1,"2":0,"3":0,"4":0,"5":0,"6":0,"7":0,"8":0,"9":0,"10":0,"11":0,"12":0,"13":0,"14":0,"15":0,"16":1,"17":0,"18":0,"19":0,"20":0,"21":0,"22":0,"23":0,"24":0,"25":0,"26":0,"27":0,"28":1,"29":0,"30":0,"31":0,"32":0,"33":0,"34":0,"35":0,"36":0,"37":0,"38":0,"39":0,"40":1,"41":0,"42":0,"43":0,"44":0,"45":0,"46":0,"47":0,"48":0,"49":0,"50":0,"51":0,"52":1,"53":0,"54":0,"55":0,"56":0,"57":0,"58":0,"59":0,"60":0,"61":0,"62":0,"63":0,"64":0,"65":0,"66":0,"67":0,"68":1,"69":0,"70":0,"71":0,"72":0,"73":0,"74":0,"75":0,"76":0,"77":0,"78":0,"79":0,"80":0,"81":0,"82":0,"83":0,"84":0,"85":0,"86":1},"f":{"0":0,"1":0,"2":0,"3":0,"4":0,"5":0},"b":{"0":[0,0],"1":[0,0],"2":[0,0],"3":[0,0],"4":[0,0],"5":[0,0],"6":[0,0],"7":[0,0],"8":[0,0],"9":[0,0],"10":[0,0],"11":[0,0],"12":[0,0]},"_coverageSchema":"1a1c01bbd47fc00a2c39e90264f33305004495a9","hash":"e28378fe286d6567cea1cbf71e1be5e029e42abc","contentHash":"6c45560d0b97eb9a68d28ba715ee96fd85abc0504c490e9701b0ed029e30630e"},"D:\\VRMTS\\backend\\src\\routes\\admin.routes.js":{"path":"D:\\VRMTS\\backend\\src\\routes\\admin.routes.js","statementMap":{"0":{"start":{"line":1,"column":16},"end":{"line":1,"column":34}},"1":{"start":{"line":2,"column":15},"end":{"line":2,"column":31}},"2":{"start":{"line":3,"column":24},"end":{"line":3,"column":66}},"3":{"start":{"line":4,"column":24},"end":{"line":4,"column":65}},"4":{"start":{"line":7,"column":0},"end":{"line":7,"column":28}},"5":{"start":{"line":9,"column":0},"end":{"line":9,"column":56}},"6":{"start":{"line":10,"column":0},"end":{"line":10,"column":53}},"7":{"start":{"line":11,"column":0},"end":{"line":11,"column":53}},"8":{"start":{"line":13,"column":0},"end":{"line":13,"column":62}},"9":{"start":{"line":14,"column":0},"end":{"line":14,"column":62}},"10":{"start":{"line":15,"column":0},"end":{"line":15,"column":64}},"11":{"start":{"line":16,"column":0},"end":{"line":16,"column":67}},"12":{"start":{"line":17,"column":0},"end":{"line":17,"column":71}},"13":{"start":{"line":18,"column":0},"end":{"line":18,"column":65}},"14":{"start":{"line":19,"column":0},"end":{"line":19,"column":50}},"15":{"start":{"line":21,"column":0},"end":{"line":21,"column":24}}},"fnMap":{},"branchMap":{},"s":{"0":1,"1":1,"2":1,"3":1,"4":1,"5":1,"6":1,"7":1,"8":1,"9":1,"10":1,"11":1,"12":1,"13":1,"14":1,"15":1},"f":{},"b":{},"_coverageSchema":"1a1c01bbd47fc00a2c39e90264f33305004495a9","hash":"918a240bc7e68626936cb92dbe3079fed201b52c","contentHash":"c97c0958d9448e33b2ced5815cf41acb587b73df96d076fdc885e035ef830f0d"},"D:\\VRMTS\\backend\\src\\controllers\\admin.controller.js":{"path":"D:\\VRMTS\\backend\\src\\controllers\\admin.controller.js","statementMap":{"0":{"start":{"line":1,"column":11},"end":{"line":1,"column":34}},"1":{"start":{"line":4,"column":18},"end":{"line":13,"column":1}},"2":{"start":{"line":5,"column":2},"end":{"line":12,"column":3}},"3":{"start":{"line":6,"column":4},"end":{"line":9,"column":6}},"4":{"start":{"line":11,"column":4},"end":{"line":11,"column":46}},"5":{"start":{"line":15,"column":11},"end":{"line":15,"column":24}},"6":{"start":{"line":18,"column":26},"end":{"line":57,"column":1}},"7":{"start":{"line":19,"column":2},"end":{"line":56,"column":3}},"8":{"start":{"line":20,"column":23},"end":{"line":20,"column":33}},"9":{"start":{"line":22,"column":22},"end":{"line":28,"column":6}},"10":{"start":{"line":30,"column":23},"end":{"line":35,"column":6}},"11":{"start":{"line":37,"column":4},"end":{"line":37,"column":27}},"12":{"start":{"line":40,"column":21},"end":{"line":40,"column":34}},"13":{"start":{"line":41,"column":20},"end":{"line":41,"column":32}},"14":{"start":{"line":42,"column":21},"end":{"line":42,"column":72}},"15":{"start":{"line":43,"column":20},"end":{"line":43,"column":57}},"16":{"start":{"line":45,"column":18},"end":{"line":51,"column":5}},"17":{"start":{"line":53,"column":4},"end":{"line":53,"column":65}},"18":{"start":{"line":55,"column":4},"end":{"line":55,"column":69}},"19":{"start":{"line":60,"column":20},"end":{"line":78,"column":1}},"20":{"start":{"line":61,"column":2},"end":{"line":77,"column":3}},"21":{"start":{"line":62,"column":23},"end":{"line":62,"column":33}},"22":{"start":{"line":63,"column":23},"end":{"line":72,"column":6}},"23":{"start":{"line":73,"column":4},"end":{"line":73,"column":27}},"24":{"start":{"line":74,"column":4},"end":{"line":74,"column":48}},"25":{"start":{"line":76,"column":4},"end":{"line":76,"column":69}},"26":{"start":{"line":80,"column":29},"end":{"line":115,"column":1}},"27":{"start":{"line":81,"column":48},"end":{"line":81,"column":56}},"28":{"start":{"line":82,"column":18},"end":{"line":82,"column":41}},"29":{"start":{"line":84,"column":2},"end":{"line":114,"column":3}},"30":{"start":{"line":85,"column":23},"end":{"line":85,"column":33}},"31":{"start":{"line":86,"column":4},"end":{"line":86,"column":40}},"32":{"start":{"line":88,"column":4},"end":{"line":111,"column":5}},"33":{"start":{"line":90,"column":27},"end":{"line":93,"column":7}},"34":{"start":{"line":94,"column":21},"end":{"line":94,"column":40}},"35":{"start":{"line":97,"column":30},"end":{"line":100,"column":7}},"36":{"start":{"line":102,"column":6},"end":{"line":102,"column":123}},"37":{"start":{"line":104,"column":6},"end":{"line":104,"column":32}},"38":{"start":{"line":105,"column":6},"end":{"line":105,"column":70}},"39":{"start":{"line":107,"column":6},"end":{"line":107,"column":34}},"40":{"start":{"line":108,"column":6},"end":{"line":108,"column":18}},"41":{"start":{"line":110,"column":6},"end":{"line":110,"column":29}},"42":{"start":{"line":113,"column":4},"end":{"line":113,"column":69}},"43":{"start":{"line":117,"column":29},"end":{"line":152,"column":1}},"44":{"start":{"line":118,"column":65},"end":{"line":118,"column":73}},"45":{"start":{"line":119,"column":18},"end":{"line":119,"column":41}},"46":{"start":{"line":121,"column":2},"end":{"line":151,"column":3}},"47":{"start":{"line":122,"column":23},"end":{"line":122,"column":33}},"48":{"start":{"line":123,"column":4},"end":{"line":123,"column":40}},"49":{"start":{"line":125,"column":4},"end":{"line":148,"column":5}},"50":{"start":{"line":127,"column":27},"end":{"line":130,"column":7}},"51":{"start":{"line":131,"column":21},"end":{"line":131,"column":40}},"52":{"start":{"line":134,"column":30},"end":{"line":137,"column":7}},"53":{"start":{"line":139,"column":6},"end":{"line":139,"column":123}},"54":{"start":{"line":141,"column":6},"end":{"line":141,"column":32}},"55":{"start":{"line":142,"column":6},"end":{"line":142,"column":70}},"56":{"start":{"line":144,"column":6},"end":{"line":144,"column":34}},"57":{"start":{"line":145,"column":6},"end":{"line":145,"column":18}},"58":{"start":{"line":147,"column":6},"end":{"line":147,"column":29}},"59":{"start":{"line":150,"column":4},"end":{"line":150,"column":69}},"60":{"start":{"line":155,"column":27},"end":{"line":192,"column":1}},"61":{"start":{"line":156,"column":23},"end":{"line":156,"column":31}},"62":{"start":{"line":157,"column":18},"end":{"line":157,"column":41}},"63":{"start":{"line":159,"column":2},"end":{"line":191,"column":3}},"64":{"start":{"line":160,"column":23},"end":{"line":160,"column":33}},"65":{"start":{"line":161,"column":4},"end":{"line":161,"column":40}},"66":{"start":{"line":163,"column":4},"end":{"line":188,"column":5}},"67":{"start":{"line":164,"column":6},"end":{"line":177,"column":7}},"68":{"start":{"line":166,"column":26},"end":{"line":169,"column":9}},"69":{"start":{"line":170,"column":23},"end":{"line":170,"column":39}},"70":{"start":{"line":173,"column":8},"end":{"line":176,"column":10}},"71":{"start":{"line":179,"column":6},"end":{"line":179,"column":124}},"72":{"start":{"line":181,"column":6},"end":{"line":181,"column":32}},"73":{"start":{"line":182,"column":6},"end":{"line":182,"column":96}},"74":{"start":{"line":184,"column":6},"end":{"line":184,"column":34}},"75":{"start":{"line":185,"column":6},"end":{"line":185,"column":18}},"76":{"start":{"line":187,"column":6},"end":{"line":187,"column":29}},"77":{"start":{"line":190,"column":4},"end":{"line":190,"column":69}},"78":{"start":{"line":195,"column":28},"end":{"line":208,"column":1}},"79":{"start":{"line":196,"column":31},"end":{"line":196,"column":39}},"80":{"start":{"line":197,"column":18},"end":{"line":197,"column":41}},"81":{"start":{"line":199,"column":2},"end":{"line":207,"column":3}},"82":{"start":{"line":200,"column":23},"end":{"line":200,"column":33}},"83":{"start":{"line":201,"column":4},"end":{"line":201,"column":106}},"84":{"start":{"line":202,"column":4},"end":{"line":202,"column":138}},"85":{"start":{"line":203,"column":4},"end":{"line":203,"column":27}},"86":{"start":{"line":204,"column":4},"end":{"line":204,"column":59}},"87":{"start":{"line":206,"column":4},"end":{"line":206,"column":69}},"88":{"start":{"line":211,"column":31},"end":{"line":227,"column":1}},"89":{"start":{"line":212,"column":46},"end":{"line":212,"column":54}},"90":{"start":{"line":213,"column":18},"end":{"line":213,"column":41}},"91":{"start":{"line":215,"column":2},"end":{"line":226,"column":3}},"92":{"start":{"line":216,"column":23},"end":{"line":216,"column":33}},"93":{"start":{"line":217,"column":4},"end":{"line":220,"column":6}},"94":{"start":{"line":221,"column":4},"end":{"line":221,"column":137}},"95":{"start":{"line":222,"column":4},"end":{"line":222,"column":27}},"96":{"start":{"line":223,"column":4},"end":{"line":223,"column":61}},"97":{"start":{"line":225,"column":4},"end":{"line":225,"column":69}},"98":{"start":{"line":230,"column":31},"end":{"line":251,"column":1}},"99":{"start":{"line":231,"column":35},"end":{"line":231,"column":43}},"100":{"start":{"line":232,"column":18},"end":{"line":232,"column":41}},"101":{"start":{"line":234,"column":2},"end":{"line":250,"column":3}},"102":{"start":{"line":235,"column":23},"end":{"line":235,"column":33}},"103":{"start":{"line":236,"column":20},"end":{"line":236,"column":90}},"104":{"start":{"line":238,"column":4},"end":{"line":243,"column":5}},"105":{"start":{"line":239,"column":6},"end":{"line":242,"column":8}},"106":{"start":{"line":245,"column":4},"end":{"line":245,"column":103}},"107":{"start":{"line":246,"column":4},"end":{"line":246,"column":27}},"108":{"start":{"line":247,"column":4},"end":{"line":247,"column":82}},"109":{"start":{"line":249,"column":4},"end":{"line":249,"column":69}},"110":{"start":{"line":254,"column":20},"end":{"line":268,"column":1}},"111":{"start":{"line":255,"column":2},"end":{"line":267,"column":3}},"112":{"start":{"line":256,"column":23},"end":{"line":256,"column":33}},"113":{"start":{"line":257,"column":23},"end":{"line":262,"column":6}},"114":{"start":{"line":263,"column":4},"end":{"line":263,"column":27}},"115":{"start":{"line":264,"column":4},"end":{"line":264,"column":48}},"116":{"start":{"line":266,"column":4},"end":{"line":266,"column":69}},"117":{"start":{"line":271,"column":21},"end":{"line":285,"column":1}},"118":{"start":{"line":272,"column":2},"end":{"line":284,"column":3}},"119":{"start":{"line":273,"column":23},"end":{"line":273,"column":33}},"120":{"start":{"line":274,"column":19},"end":{"line":279,"column":6}},"121":{"start":{"line":280,"column":4},"end":{"line":280,"column":27}},"122":{"start":{"line":281,"column":4},"end":{"line":281,"column":44}},"123":{"start":{"line":283,"column":4},"end":{"line":283,"column":69}},"124":{"start":{"line":287,"column":0},"end":{"line":298,"column":2}}},"fnMap":{"0":{"name":"(anonymous_0)","decl":{"start":{"line":4,"column":18},"end":{"line":4,"column":19}},"loc":{"start":{"line":4,"column":88},"end":{"line":13,"column":1}},"line":4},"1":{"name":"(anonymous_1)","decl":{"start":{"line":18,"column":26},"end":{"line":18,"column":27}},"loc":{"start":{"line":18,"column":46},"end":{"line":57,"column":1}},"line":18},"2":{"name":"(anonymous_2)","decl":{"start":{"line":60,"column":20},"end":{"line":60,"column":21}},"loc":{"start":{"line":60,"column":40},"end":{"line":78,"column":1}},"line":60},"3":{"name":"(anonymous_3)","decl":{"start":{"line":80,"column":29},"end":{"line":80,"column":30}},"loc":{"start":{"line":80,"column":49},"end":{"line":115,"column":1}},"line":80},"4":{"name":"(anonymous_4)","decl":{"start":{"line":117,"column":29},"end":{"line":117,"column":30}},"loc":{"start":{"line":117,"column":49},"end":{"line":152,"column":1}},"line":117},"5":{"name":"(anonymous_5)","decl":{"start":{"line":155,"column":27},"end":{"line":155,"column":28}},"loc":{"start":{"line":155,"column":47},"end":{"line":192,"column":1}},"line":155},"6":{"name":"(anonymous_6)","decl":{"start":{"line":195,"column":28},"end":{"line":195,"column":29}},"loc":{"start":{"line":195,"column":48},"end":{"line":208,"column":1}},"line":195},"7":{"name":"(anonymous_7)","decl":{"start":{"line":211,"column":31},"end":{"line":211,"column":32}},"loc":{"start":{"line":211,"column":51},"end":{"line":227,"column":1}},"line":211},"8":{"name":"(anonymous_8)","decl":{"start":{"line":230,"column":31},"end":{"line":230,"column":32}},"loc":{"start":{"line":230,"column":51},"end":{"line":251,"column":1}},"line":230},"9":{"name":"(anonymous_9)","decl":{"start":{"line":254,"column":20},"end":{"line":254,"column":21}},"loc":{"start":{"line":254,"column":40},"end":{"line":268,"column":1}},"line":254},"10":{"name":"(anonymous_10)","decl":{"start":{"line":271,"column":21},"end":{"line":271,"column":22}},"loc":{"start":{"line":271,"column":41},"end":{"line":285,"column":1}},"line":271}},"branchMap":{"0":{"loc":{"start":{"line":43,"column":20},"end":{"line":43,"column":57}},"type":"binary-expr","locations":[{"start":{"line":43,"column":20},"end":{"line":43,"column":52}},{"start":{"line":43,"column":56},"end":{"line":43,"column":57}}],"line":43},"1":{"loc":{"start":{"line":48,"column":13},"end":{"line":48,"column":41}},"type":"cond-expr","locations":[{"start":{"line":48,"column":29},"end":{"line":48,"column":31}},{"start":{"line":48,"column":34},"end":{"line":48,"column":41}}],"line":48},"2":{"loc":{"start":{"line":136,"column":35},"end":{"line":136,"column":52}},"type":"binary-expr","locations":[{"start":{"line":136,"column":35},"end":{"line":136,"column":44}},{"start":{"line":136,"column":48},"end":{"line":136,"column":52}}],"line":136},"3":{"loc":{"start":{"line":175,"column":39},"end":{"line":175,"column":58}},"type":"binary-expr","locations":[{"start":{"line":175,"column":39},"end":{"line":175,"column":50}},{"start":{"line":175,"column":54},"end":{"line":175,"column":58}}],"line":175},"4":{"loc":{"start":{"line":175,"column":60},"end":{"line":175,"column":79}},"type":"binary-expr","locations":[{"start":{"line":175,"column":60},"end":{"line":175,"column":71}},{"start":{"line":175,"column":75},"end":{"line":175,"column":79}}],"line":175},"5":{"loc":{"start":{"line":201,"column":79},"end":{"line":201,"column":95}},"type":"cond-expr","locations":[{"start":{"line":201,"column":90},"end":{"line":201,"column":91}},{"start":{"line":201,"column":94},"end":{"line":201,"column":95}}],"line":201},"6":{"loc":{"start":{"line":202,"column":41},"end":{"line":202,"column":87}},"type":"cond-expr","locations":[{"start":{"line":202,"column":52},"end":{"line":202,"column":67}},{"start":{"line":202,"column":70},"end":{"line":202,"column":87}}],"line":202},"7":{"loc":{"start":{"line":241,"column":35},"end":{"line":241,"column":49}},"type":"binary-expr","locations":[{"start":{"line":241,"column":35},"end":{"line":241,"column":39}},{"start":{"line":241,"column":43},"end":{"line":241,"column":49}}],"line":241}},"s":{"0":1,"1":1,"2":0,"3":0,"4":0,"5":1,"6":1,"7":0,"8":0,"9":0,"10":0,"11":0,"12":0,"13":0,"14":0,"15":0,"16":0,"17":0,"18":0,"19":1,"20":0,"21":0,"22":0,"23":0,"24":0,"25":0,"26":1,"27":0,"28":0,"29":0,"30":0,"31":0,"32":0,"33":0,"34":0,"35":0,"36":0,"37":0,"38":0,"39":0,"40":0,"41":0,"42":0,"43":1,"44":0,"45":0,"46":0,"47":0,"48":0,"49":0,"50":0,"51":0,"52":0,"53":0,"54":0,"55":0,"56":0,"57":0,"58":0,"59":0,"60":1,"61":0,"62":0,"63":0,"64":0,"65":0,"66":0,"67":0,"68":0,"69":0,"70":0,"71":0,"72":0,"73":0,"74":0,"75":0,"76":0,"77":0,"78":1,"79":0,"80":0,"81":0,"82":0,"83":0,"84":0,"85":0,"86":0,"87":0,"88":1,"89":0,"90":0,"91":0,"92":0,"93":0,"94":0,"95":0,"96":0,"97":0,"98":1,"99":0,"100":0,"101":0,"102":0,"103":0,"104":0,"105":0,"106":0,"107":0,"108":0,"109":0,"110":1,"111":0,"112":0,"113":0,"114":0,"115":0,"116":0,"117":1,"118":0,"119":0,"120":0,"121":0,"122":0,"123":0,"124":1},"f":{"0":0,"1":0,"2":0,"3":0,"4":0,"5":0,"6":0,"7":0,"8":0,"9":0,"10":0},"b":{"0":[0,0],"1":[0,0],"2":[0,0],"3":[0,0],"4":[0,0],"5":[0,0],"6":[0,0],"7":[0,0]},"_coverageSchema":"1a1c01bbd47fc00a2c39e90264f33305004495a9","hash":"3febcfed3ff44d3b05d244a01ccf7b08daa63c0f","contentHash":"4f70ec8826b2670f755bc103805cc18b8ef5f62545680061360430e619a58a6b"},"D:\\VRMTS\\backend\\src\\middleware\\admin.middleware.js":{"path":"D:\\VRMTS\\backend\\src\\middleware\\admin.middleware.js","statementMap":{"0":{"start":{"line":1,"column":24},"end":{"line":10,"column":1}},"1":{"start":{"line":2,"column":2},"end":{"line":4,"column":3}},"2":{"start":{"line":3,"column":4},"end":{"line":3,"column":18}},"3":{"start":{"line":6,"column":2},"end":{"line":9,"column":5}},"4":{"start":{"line":12,"column":0},"end":{"line":12,"column":33}}},"fnMap":{"0":{"name":"(anonymous_0)","decl":{"start":{"line":1,"column":24},"end":{"line":1,"column":25}},"loc":{"start":{"line":1,"column":44},"end":{"line":10,"column":1}},"line":1}},"branchMap":{"0":{"loc":{"start":{"line":2,"column":2},"end":{"line":4,"column":3}},"type":"if","locations":[{"start":{"line":2,"column":2},"end":{"line":4,"column":3}},{"start":{"line":2,"column":2},"end":{"line":4,"column":3}}],"line":2},"1":{"loc":{"start":{"line":2,"column":6},"end":{"line":2,"column":78}},"type":"binary-expr","locations":[{"start":{"line":2,"column":6},"end":{"line":2,"column":17}},{"start":{"line":2,"column":21},"end":{"line":2,"column":37}},{"start":{"line":2,"column":41},"end":{"line":2,"column":78}}],"line":2}},"s":{"0":1,"1":0,"2":0,"3":0,"4":1},"f":{"0":0},"b":{"0":[0,0],"1":[0,0,0]},"_coverageSchema":"1a1c01bbd47fc00a2c39e90264f33305004495a9","hash":"55a974e42edd51d63d3596e9c967c26661b3316e","contentHash":"6a574fb9b81c9df86e229067dcfafa68ce72c333d451311bf4ab86afe0eab5fe"}}